#
# There is insufficient memory for the Java Runtime Environment to continue.
# Native memory allocation (malloc) failed to allocate 1088336 bytes for Chunk::new
# Possible reasons:
#   The system is out of physical RAM or swap space
#   The process is running with CompressedOops enabled, and the Java Heap may be blocking the growth of the native heap
# Possible solutions:
#   Reduce memory load on the system
#   Increase physical memory or swap space
#   Check if swap backing store is full
#   Decrease Java heap size (-Xmx/-Xms)
#   Decrease number of Java threads
#   Decrease Java thread stack sizes (-Xss)
#   Set larger code cache with -XX:ReservedCodeCacheSize=
#   JVM is running with Zero Based Compressed Oops mode in which the Java heap is
#     placed in the first 32GB address space. The Java Heap base address is the
#     maximum limit for the native heap growth. Please use -XX:HeapBaseMinAddress
#     to set the Java Heap base and to place the Java Heap above 32GB virtual address.
# This output file may be truncated or incomplete.
#
#  Out of Memory Error (arena.cpp:189), pid=24084, tid=13332
#
# JRE version: Java(TM) SE Runtime Environment (17.0.5+9) (build 17.0.5+9-LTS-191)
# Java VM: Java HotSpot(TM) 64-Bit Server VM (17.0.5+9-LTS-191, mixed mode, sharing, tiered, compressed oops, compressed class ptrs, g1 gc, windows-amd64)
# No core dump will be written. Minidumps are not enabled by default on client versions of Windows
#

---------------  S U M M A R Y ------------

Command Line: -javaagent:C:\Program Files\JetBrains\IntelliJ IDEA Community Edition 2022.3\lib\idea_rt.jar=61280:C:\Program Files\JetBrains\IntelliJ IDEA Community Edition 2022.3\bin -Dfile.encoding=UTF-8 com.ab.amigo.gateway.GatewayApplication

Host: Intel(R) Core(TM) i5-8300H CPU @ 2.30GHz, 8 cores, 15G,  Windows 11 , 64 bit Build 22621 (10.0.22621.1344)
Time: Mon Mar 27 20:27:04 2023 India Standard Time elapsed time: 1.216221 seconds (0d 0h 0m 1s)

---------------  T H R E A D  ---------------

Current thread (0x00000269b9d20df0):  JavaThread "C2 CompilerThread1" daemon [_thread_in_native, id=13332, stack(0x0000006ffca00000,0x0000006ffcb00000)]


Current CompileTask:
C2:   1216 1431       4       org.springframework.boot.context.properties.source.ConfigurationPropertyName$ElementsParser::parse (234 bytes)

Stack: [0x0000006ffca00000,0x0000006ffcb00000]
Native frames: (J=compiled Java code, j=interpreted, Vv=VM code, C=native code)
V  [jvm.dll+0x672eea]
V  [jvm.dll+0x7d2a04]
V  [jvm.dll+0x7d41ae]
V  [jvm.dll+0x7d4813]
V  [jvm.dll+0x242c15]
V  [jvm.dll+0xaa57b]
V  [jvm.dll+0xaab0c]
V  [jvm.dll+0x35ff42]
V  [jvm.dll+0x32a631]
V  [jvm.dll+0x329ada]
V  [jvm.dll+0x215cc1]
V  [jvm.dll+0x2150e1]
V  [jvm.dll+0x1a18ed]
V  [jvm.dll+0x22493a]
V  [jvm.dll+0x222aa5]
V  [jvm.dll+0x7885db]
V  [jvm.dll+0x782b4a]
V  [jvm.dll+0x671d75]
C  [ucrtbase.dll+0x29363]
C  [KERNEL32.DLL+0x126bd]
C  [ntdll.dll+0x5a9f8]


---------------  P R O C E S S  ---------------

Threads class SMR info:
_java_thread_list=0x00000269b8bdc310, length=14, elements={
0x00000269951b6cc0, 0x00000269b7ec6b70, 0x00000269b7ec7520, 0x00000269b7edd4d0,
0x00000269b7edde80, 0x00000269b8801090, 0x00000269b8801950, 0x00000269b8805a40,
0x00000269b8806340, 0x00000269b8806d30, 0x00000269b88f0d90, 0x00000269b8b77f10,
0x00000269b8b783e0, 0x00000269b9d20df0
}

Java Threads: ( => current thread )
  0x00000269951b6cc0 JavaThread "main" [_thread_in_vm, id=24668, stack(0x0000006ffb900000,0x0000006ffba00000)]
  0x00000269b7ec6b70 JavaThread "Reference Handler" daemon [_thread_blocked, id=28736, stack(0x0000006ffc000000,0x0000006ffc100000)]
  0x00000269b7ec7520 JavaThread "Finalizer" daemon [_thread_blocked, id=28956, stack(0x0000006ffc100000,0x0000006ffc200000)]
  0x00000269b7edd4d0 JavaThread "Signal Dispatcher" daemon [_thread_blocked, id=16144, stack(0x0000006ffc200000,0x0000006ffc300000)]
  0x00000269b7edde80 JavaThread "Attach Listener" daemon [_thread_blocked, id=25888, stack(0x0000006ffc300000,0x0000006ffc400000)]
  0x00000269b8801090 JavaThread "Service Thread" daemon [_thread_blocked, id=21584, stack(0x0000006ffc400000,0x0000006ffc500000)]
  0x00000269b8801950 JavaThread "Monitor Deflation Thread" daemon [_thread_blocked, id=4036, stack(0x0000006ffc500000,0x0000006ffc600000)]
  0x00000269b8805a40 JavaThread "C2 CompilerThread0" daemon [_thread_blocked, id=28860, stack(0x0000006ffc600000,0x0000006ffc700000)]
  0x00000269b8806340 JavaThread "C1 CompilerThread0" daemon [_thread_blocked, id=21460, stack(0x0000006ffc700000,0x0000006ffc800000)]
  0x00000269b8806d30 JavaThread "Sweeper thread" daemon [_thread_blocked, id=24904, stack(0x0000006ffc800000,0x0000006ffc900000)]
  0x00000269b88f0d90 JavaThread "Common-Cleaner" daemon [_thread_blocked, id=20136, stack(0x0000006ffc900000,0x0000006ffca00000)]
  0x00000269b8b77f10 JavaThread "Monitor Ctrl-Break" daemon [_thread_in_native, id=7276, stack(0x0000006ffcb00000,0x0000006ffcc00000)]
  0x00000269b8b783e0 JavaThread "Notification Thread" daemon [_thread_blocked, id=21940, stack(0x0000006ffcc00000,0x0000006ffcd00000)]
=>0x00000269b9d20df0 JavaThread "C2 CompilerThread1" daemon [_thread_in_native, id=13332, stack(0x0000006ffca00000,0x0000006ffcb00000)]

Other Threads:
  0x00000269b7ebfda0 VMThread "VM Thread" [stack: 0x0000006ffbf00000,0x0000006ffc000000] [id=23200]
  0x00000269b8b788b0 WatcherThread [stack: 0x0000006ffcd00000,0x0000006ffce00000] [id=28512]
  0x000002699521de80 GCTaskThread "GC Thread#0" [stack: 0x0000006ffba00000,0x0000006ffbb00000] [id=22316]
  0x00000269b9b9bd90 GCTaskThread "GC Thread#1" [stack: 0x0000006ffcf00000,0x0000006ffd000000] [id=28292]
  0x00000269b9f04830 GCTaskThread "GC Thread#2" [stack: 0x0000006ffd000000,0x0000006ffd100000] [id=11568]
  0x00000269b9f04ee0 GCTaskThread "GC Thread#3" [stack: 0x0000006ffd100000,0x0000006ffd200000] [id=23372]
  0x00000269b937f260 GCTaskThread "GC Thread#4" [stack: 0x0000006ffd200000,0x0000006ffd300000] [id=19060]
  0x00000269ba0345f0 GCTaskThread "GC Thread#5" [stack: 0x0000006ffd300000,0x0000006ffd400000] [id=25824]
  0x00000269b992e060 GCTaskThread "GC Thread#6" [stack: 0x0000006ffd400000,0x0000006ffd500000] [id=22648]
  0x000002699522ec30 ConcurrentGCThread "G1 Main Marker" [stack: 0x0000006ffbb00000,0x0000006ffbc00000] [id=29636]
  0x000002699522fce0 ConcurrentGCThread "G1 Conc#0" [stack: 0x0000006ffbc00000,0x0000006ffbd00000] [id=22084]
  0x000002699526d540 ConcurrentGCThread "G1 Refine#0" [stack: 0x0000006ffbd00000,0x0000006ffbe00000] [id=25400]
  0x00000269b7d7b130 ConcurrentGCThread "G1 Service" [stack: 0x0000006ffbe00000,0x0000006ffbf00000] [id=24436]

Threads with active compile tasks:
C2 CompilerThread1     1241 1431       4       org.springframework.boot.context.properties.source.ConfigurationPropertyName$ElementsParser::parse (234 bytes)

VM state: not at safepoint (normal execution)

VM Mutex/Monitor currently owned by a thread: None

Heap address: 0x0000000701e00000, size: 4066 MB, Compressed Oops mode: Zero based, Oop shift amount: 3

CDS archive(s) mapped at: [0x0000000800000000-0x0000000800bd0000-0x0000000800bd0000), size 12386304, SharedBaseAddress: 0x0000000800000000, ArchiveRelocationMode: 0.
Compressed class space mapped at: 0x0000000800c00000-0x0000000840c00000, reserved size: 1073741824
Narrow klass base: 0x0000000800000000, Narrow klass shift: 0, Narrow klass range: 0x100000000

GC Precious Log:
 CPUs: 8 total, 8 available
 Memory: 16258M
 Large Page Support: Disabled
 NUMA Support: Disabled
 Compressed Oops: Enabled (Zero based)
 Heap Region Size: 2M
 Heap Min Capacity: 8M
 Heap Initial Capacity: 256M
 Heap Max Capacity: 4066M
 Pre-touch: Disabled
 Parallel Workers: 8
 Concurrent Workers: 2
 Concurrent Refinement Workers: 8
 Periodic GC: Disabled

Heap:
 garbage-first heap   total 262144K, used 20757K [0x0000000701e00000, 0x0000000800000000)
  region size 2048K, 10 young (20480K), 2 survivors (4096K)
 Metaspace       used 8743K, committed 8960K, reserved 1064960K
  class space    used 1106K, committed 1216K, reserved 1048576K

Heap Regions: E=young(eden), S=young(survivor), O=old, HS=humongous(starts), HC=humongous(continues), CS=collection set, F=free, OA=open archive, CA=closed archive, TAMS=top-at-mark-start (previous, next)
|   0|0x0000000701e00000, 0x0000000702000000, 0x0000000702000000|100%| O|  |TAMS 0x0000000701e00000, 0x0000000701e00000| Untracked 
|   1|0x0000000702000000, 0x0000000702045600, 0x0000000702200000| 13%| O|  |TAMS 0x0000000702000000, 0x0000000702000000| Untracked 
|   2|0x0000000702200000, 0x0000000702200000, 0x0000000702400000|  0%| F|  |TAMS 0x0000000702200000, 0x0000000702200000| Untracked 
|   3|0x0000000702400000, 0x0000000702400000, 0x0000000702600000|  0%| F|  |TAMS 0x0000000702400000, 0x0000000702400000| Untracked 
|   4|0x0000000702600000, 0x0000000702600000, 0x0000000702800000|  0%| F|  |TAMS 0x0000000702600000, 0x0000000702600000| Untracked 
|   5|0x0000000702800000, 0x0000000702800000, 0x0000000702a00000|  0%| F|  |TAMS 0x0000000702800000, 0x0000000702800000| Untracked 
|   6|0x0000000702a00000, 0x0000000702a00000, 0x0000000702c00000|  0%| F|  |TAMS 0x0000000702a00000, 0x0000000702a00000| Untracked 
|   7|0x0000000702c00000, 0x0000000702c00000, 0x0000000702e00000|  0%| F|  |TAMS 0x0000000702c00000, 0x0000000702c00000| Untracked 
|   8|0x0000000702e00000, 0x0000000702e00000, 0x0000000703000000|  0%| F|  |TAMS 0x0000000702e00000, 0x0000000702e00000| Untracked 
|   9|0x0000000703000000, 0x0000000703000000, 0x0000000703200000|  0%| F|  |TAMS 0x0000000703000000, 0x0000000703000000| Untracked 
|  10|0x0000000703200000, 0x0000000703200000, 0x0000000703400000|  0%| F|  |TAMS 0x0000000703200000, 0x0000000703200000| Untracked 
|  11|0x0000000703400000, 0x0000000703400000, 0x0000000703600000|  0%| F|  |TAMS 0x0000000703400000, 0x0000000703400000| Untracked 
|  12|0x0000000703600000, 0x0000000703600000, 0x0000000703800000|  0%| F|  |TAMS 0x0000000703600000, 0x0000000703600000| Untracked 
|  13|0x0000000703800000, 0x0000000703800000, 0x0000000703a00000|  0%| F|  |TAMS 0x0000000703800000, 0x0000000703800000| Untracked 
|  14|0x0000000703a00000, 0x0000000703a00000, 0x0000000703c00000|  0%| F|  |TAMS 0x0000000703a00000, 0x0000000703a00000| Untracked 
|  15|0x0000000703c00000, 0x0000000703c00000, 0x0000000703e00000|  0%| F|  |TAMS 0x0000000703c00000, 0x0000000703c00000| Untracked 
|  16|0x0000000703e00000, 0x0000000703e00000, 0x0000000704000000|  0%| F|  |TAMS 0x0000000703e00000, 0x0000000703e00000| Untracked 
|  17|0x0000000704000000, 0x0000000704000000, 0x0000000704200000|  0%| F|  |TAMS 0x0000000704000000, 0x0000000704000000| Untracked 
|  18|0x0000000704200000, 0x0000000704200000, 0x0000000704400000|  0%| F|  |TAMS 0x0000000704200000, 0x0000000704200000| Untracked 
|  19|0x0000000704400000, 0x0000000704400000, 0x0000000704600000|  0%| F|  |TAMS 0x0000000704400000, 0x0000000704400000| Untracked 
|  20|0x0000000704600000, 0x0000000704600000, 0x0000000704800000|  0%| F|  |TAMS 0x0000000704600000, 0x0000000704600000| Untracked 
|  21|0x0000000704800000, 0x0000000704800000, 0x0000000704a00000|  0%| F|  |TAMS 0x0000000704800000, 0x0000000704800000| Untracked 
|  22|0x0000000704a00000, 0x0000000704a00000, 0x0000000704c00000|  0%| F|  |TAMS 0x0000000704a00000, 0x0000000704a00000| Untracked 
|  23|0x0000000704c00000, 0x0000000704c00000, 0x0000000704e00000|  0%| F|  |TAMS 0x0000000704c00000, 0x0000000704c00000| Untracked 
|  24|0x0000000704e00000, 0x0000000704e00000, 0x0000000705000000|  0%| F|  |TAMS 0x0000000704e00000, 0x0000000704e00000| Untracked 
|  25|0x0000000705000000, 0x0000000705000000, 0x0000000705200000|  0%| F|  |TAMS 0x0000000705000000, 0x0000000705000000| Untracked 
|  26|0x0000000705200000, 0x0000000705200000, 0x0000000705400000|  0%| F|  |TAMS 0x0000000705200000, 0x0000000705200000| Untracked 
|  27|0x0000000705400000, 0x0000000705400000, 0x0000000705600000|  0%| F|  |TAMS 0x0000000705400000, 0x0000000705400000| Untracked 
|  28|0x0000000705600000, 0x0000000705600000, 0x0000000705800000|  0%| F|  |TAMS 0x0000000705600000, 0x0000000705600000| Untracked 
|  29|0x0000000705800000, 0x0000000705800000, 0x0000000705a00000|  0%| F|  |TAMS 0x0000000705800000, 0x0000000705800000| Untracked 
|  30|0x0000000705a00000, 0x0000000705a00000, 0x0000000705c00000|  0%| F|  |TAMS 0x0000000705a00000, 0x0000000705a00000| Untracked 
|  31|0x0000000705c00000, 0x0000000705c00000, 0x0000000705e00000|  0%| F|  |TAMS 0x0000000705c00000, 0x0000000705c00000| Untracked 
|  32|0x0000000705e00000, 0x0000000705e00000, 0x0000000706000000|  0%| F|  |TAMS 0x0000000705e00000, 0x0000000705e00000| Untracked 
|  33|0x0000000706000000, 0x0000000706000000, 0x0000000706200000|  0%| F|  |TAMS 0x0000000706000000, 0x0000000706000000| Untracked 
|  34|0x0000000706200000, 0x0000000706200000, 0x0000000706400000|  0%| F|  |TAMS 0x0000000706200000, 0x0000000706200000| Untracked 
|  35|0x0000000706400000, 0x0000000706400000, 0x0000000706600000|  0%| F|  |TAMS 0x0000000706400000, 0x0000000706400000| Untracked 
|  36|0x0000000706600000, 0x0000000706600000, 0x0000000706800000|  0%| F|  |TAMS 0x0000000706600000, 0x0000000706600000| Untracked 
|  37|0x0000000706800000, 0x0000000706800000, 0x0000000706a00000|  0%| F|  |TAMS 0x0000000706800000, 0x0000000706800000| Untracked 
|  38|0x0000000706a00000, 0x0000000706a00000, 0x0000000706c00000|  0%| F|  |TAMS 0x0000000706a00000, 0x0000000706a00000| Untracked 
|  39|0x0000000706c00000, 0x0000000706c00000, 0x0000000706e00000|  0%| F|  |TAMS 0x0000000706c00000, 0x0000000706c00000| Untracked 
|  40|0x0000000706e00000, 0x0000000706e00000, 0x0000000707000000|  0%| F|  |TAMS 0x0000000706e00000, 0x0000000706e00000| Untracked 
|  41|0x0000000707000000, 0x0000000707000000, 0x0000000707200000|  0%| F|  |TAMS 0x0000000707000000, 0x0000000707000000| Untracked 
|  42|0x0000000707200000, 0x0000000707200000, 0x0000000707400000|  0%| F|  |TAMS 0x0000000707200000, 0x0000000707200000| Untracked 
|  43|0x0000000707400000, 0x0000000707400000, 0x0000000707600000|  0%| F|  |TAMS 0x0000000707400000, 0x0000000707400000| Untracked 
|  44|0x0000000707600000, 0x0000000707600000, 0x0000000707800000|  0%| F|  |TAMS 0x0000000707600000, 0x0000000707600000| Untracked 
|  45|0x0000000707800000, 0x0000000707800000, 0x0000000707a00000|  0%| F|  |TAMS 0x0000000707800000, 0x0000000707800000| Untracked 
|  46|0x0000000707a00000, 0x0000000707a00000, 0x0000000707c00000|  0%| F|  |TAMS 0x0000000707a00000, 0x0000000707a00000| Untracked 
|  47|0x0000000707c00000, 0x0000000707c00000, 0x0000000707e00000|  0%| F|  |TAMS 0x0000000707c00000, 0x0000000707c00000| Untracked 
|  48|0x0000000707e00000, 0x0000000707e00000, 0x0000000708000000|  0%| F|  |TAMS 0x0000000707e00000, 0x0000000707e00000| Untracked 
|  49|0x0000000708000000, 0x0000000708000000, 0x0000000708200000|  0%| F|  |TAMS 0x0000000708000000, 0x0000000708000000| Untracked 
|  50|0x0000000708200000, 0x0000000708200000, 0x0000000708400000|  0%| F|  |TAMS 0x0000000708200000, 0x0000000708200000| Untracked 
|  51|0x0000000708400000, 0x0000000708400000, 0x0000000708600000|  0%| F|  |TAMS 0x0000000708400000, 0x0000000708400000| Untracked 
|  52|0x0000000708600000, 0x0000000708600000, 0x0000000708800000|  0%| F|  |TAMS 0x0000000708600000, 0x0000000708600000| Untracked 
|  53|0x0000000708800000, 0x0000000708800000, 0x0000000708a00000|  0%| F|  |TAMS 0x0000000708800000, 0x0000000708800000| Untracked 
|  54|0x0000000708a00000, 0x0000000708a00000, 0x0000000708c00000|  0%| F|  |TAMS 0x0000000708a00000, 0x0000000708a00000| Untracked 
|  55|0x0000000708c00000, 0x0000000708c00000, 0x0000000708e00000|  0%| F|  |TAMS 0x0000000708c00000, 0x0000000708c00000| Untracked 
|  56|0x0000000708e00000, 0x0000000708e00000, 0x0000000709000000|  0%| F|  |TAMS 0x0000000708e00000, 0x0000000708e00000| Untracked 
|  57|0x0000000709000000, 0x0000000709000000, 0x0000000709200000|  0%| F|  |TAMS 0x0000000709000000, 0x0000000709000000| Untracked 
|  58|0x0000000709200000, 0x0000000709200000, 0x0000000709400000|  0%| F|  |TAMS 0x0000000709200000, 0x0000000709200000| Untracked 
|  59|0x0000000709400000, 0x0000000709400000, 0x0000000709600000|  0%| F|  |TAMS 0x0000000709400000, 0x0000000709400000| Untracked 
|  60|0x0000000709600000, 0x0000000709600000, 0x0000000709800000|  0%| F|  |TAMS 0x0000000709600000, 0x0000000709600000| Untracked 
|  61|0x0000000709800000, 0x0000000709800000, 0x0000000709a00000|  0%| F|  |TAMS 0x0000000709800000, 0x0000000709800000| Untracked 
|  62|0x0000000709a00000, 0x0000000709a00000, 0x0000000709c00000|  0%| F|  |TAMS 0x0000000709a00000, 0x0000000709a00000| Untracked 
|  63|0x0000000709c00000, 0x0000000709c00000, 0x0000000709e00000|  0%| F|  |TAMS 0x0000000709c00000, 0x0000000709c00000| Untracked 
|  64|0x0000000709e00000, 0x0000000709e00000, 0x000000070a000000|  0%| F|  |TAMS 0x0000000709e00000, 0x0000000709e00000| Untracked 
|  65|0x000000070a000000, 0x000000070a000000, 0x000000070a200000|  0%| F|  |TAMS 0x000000070a000000, 0x000000070a000000| Untracked 
|  66|0x000000070a200000, 0x000000070a200000, 0x000000070a400000|  0%| F|  |TAMS 0x000000070a200000, 0x000000070a200000| Untracked 
|  67|0x000000070a400000, 0x000000070a400000, 0x000000070a600000|  0%| F|  |TAMS 0x000000070a400000, 0x000000070a400000| Untracked 
|  68|0x000000070a600000, 0x000000070a600000, 0x000000070a800000|  0%| F|  |TAMS 0x000000070a600000, 0x000000070a600000| Untracked 
|  69|0x000000070a800000, 0x000000070a800000, 0x000000070aa00000|  0%| F|  |TAMS 0x000000070a800000, 0x000000070a800000| Untracked 
|  70|0x000000070aa00000, 0x000000070aa00000, 0x000000070ac00000|  0%| F|  |TAMS 0x000000070aa00000, 0x000000070aa00000| Untracked 
|  71|0x000000070ac00000, 0x000000070ac00000, 0x000000070ae00000|  0%| F|  |TAMS 0x000000070ac00000, 0x000000070ac00000| Untracked 
|  72|0x000000070ae00000, 0x000000070ae00000, 0x000000070b000000|  0%| F|  |TAMS 0x000000070ae00000, 0x000000070ae00000| Untracked 
|  73|0x000000070b000000, 0x000000070b000000, 0x000000070b200000|  0%| F|  |TAMS 0x000000070b000000, 0x000000070b000000| Untracked 
|  74|0x000000070b200000, 0x000000070b200000, 0x000000070b400000|  0%| F|  |TAMS 0x000000070b200000, 0x000000070b200000| Untracked 
|  75|0x000000070b400000, 0x000000070b400000, 0x000000070b600000|  0%| F|  |TAMS 0x000000070b400000, 0x000000070b400000| Untracked 
|  76|0x000000070b600000, 0x000000070b600000, 0x000000070b800000|  0%| F|  |TAMS 0x000000070b600000, 0x000000070b600000| Untracked 
|  77|0x000000070b800000, 0x000000070b800000, 0x000000070ba00000|  0%| F|  |TAMS 0x000000070b800000, 0x000000070b800000| Untracked 
|  78|0x000000070ba00000, 0x000000070ba00000, 0x000000070bc00000|  0%| F|  |TAMS 0x000000070ba00000, 0x000000070ba00000| Untracked 
|  79|0x000000070bc00000, 0x000000070bc00000, 0x000000070be00000|  0%| F|  |TAMS 0x000000070bc00000, 0x000000070bc00000| Untracked 
|  80|0x000000070be00000, 0x000000070be00000, 0x000000070c000000|  0%| F|  |TAMS 0x000000070be00000, 0x000000070be00000| Untracked 
|  81|0x000000070c000000, 0x000000070c000000, 0x000000070c200000|  0%| F|  |TAMS 0x000000070c000000, 0x000000070c000000| Untracked 
|  82|0x000000070c200000, 0x000000070c200000, 0x000000070c400000|  0%| F|  |TAMS 0x000000070c200000, 0x000000070c200000| Untracked 
|  83|0x000000070c400000, 0x000000070c400000, 0x000000070c600000|  0%| F|  |TAMS 0x000000070c400000, 0x000000070c400000| Untracked 
|  84|0x000000070c600000, 0x000000070c600000, 0x000000070c800000|  0%| F|  |TAMS 0x000000070c600000, 0x000000070c600000| Untracked 
|  85|0x000000070c800000, 0x000000070c800000, 0x000000070ca00000|  0%| F|  |TAMS 0x000000070c800000, 0x000000070c800000| Untracked 
|  86|0x000000070ca00000, 0x000000070ca00000, 0x000000070cc00000|  0%| F|  |TAMS 0x000000070ca00000, 0x000000070ca00000| Untracked 
|  87|0x000000070cc00000, 0x000000070cc00000, 0x000000070ce00000|  0%| F|  |TAMS 0x000000070cc00000, 0x000000070cc00000| Untracked 
|  88|0x000000070ce00000, 0x000000070ce00000, 0x000000070d000000|  0%| F|  |TAMS 0x000000070ce00000, 0x000000070ce00000| Untracked 
|  89|0x000000070d000000, 0x000000070d000000, 0x000000070d200000|  0%| F|  |TAMS 0x000000070d000000, 0x000000070d000000| Untracked 
|  90|0x000000070d200000, 0x000000070d200000, 0x000000070d400000|  0%| F|  |TAMS 0x000000070d200000, 0x000000070d200000| Untracked 
|  91|0x000000070d400000, 0x000000070d400000, 0x000000070d600000|  0%| F|  |TAMS 0x000000070d400000, 0x000000070d400000| Untracked 
|  92|0x000000070d600000, 0x000000070d600000, 0x000000070d800000|  0%| F|  |TAMS 0x000000070d600000, 0x000000070d600000| Untracked 
|  93|0x000000070d800000, 0x000000070d800000, 0x000000070da00000|  0%| F|  |TAMS 0x000000070d800000, 0x000000070d800000| Untracked 
|  94|0x000000070da00000, 0x000000070da00000, 0x000000070dc00000|  0%| F|  |TAMS 0x000000070da00000, 0x000000070da00000| Untracked 
|  95|0x000000070dc00000, 0x000000070dc00000, 0x000000070de00000|  0%| F|  |TAMS 0x000000070dc00000, 0x000000070dc00000| Untracked 
|  96|0x000000070de00000, 0x000000070de00000, 0x000000070e000000|  0%| F|  |TAMS 0x000000070de00000, 0x000000070de00000| Untracked 
|  97|0x000000070e000000, 0x000000070e000000, 0x000000070e200000|  0%| F|  |TAMS 0x000000070e000000, 0x000000070e000000| Untracked 
|  98|0x000000070e200000, 0x000000070e200000, 0x000000070e400000|  0%| F|  |TAMS 0x000000070e200000, 0x000000070e200000| Untracked 
|  99|0x000000070e400000, 0x000000070e400000, 0x000000070e600000|  0%| F|  |TAMS 0x000000070e400000, 0x000000070e400000| Untracked 
| 100|0x000000070e600000, 0x000000070e600000, 0x000000070e800000|  0%| F|  |TAMS 0x000000070e600000, 0x000000070e600000| Untracked 
| 101|0x000000070e800000, 0x000000070e800000, 0x000000070ea00000|  0%| F|  |TAMS 0x000000070e800000, 0x000000070e800000| Untracked 
| 102|0x000000070ea00000, 0x000000070ea00000, 0x000000070ec00000|  0%| F|  |TAMS 0x000000070ea00000, 0x000000070ea00000| Untracked 
| 103|0x000000070ec00000, 0x000000070ec00000, 0x000000070ee00000|  0%| F|  |TAMS 0x000000070ec00000, 0x000000070ec00000| Untracked 
| 104|0x000000070ee00000, 0x000000070ee00000, 0x000000070f000000|  0%| F|  |TAMS 0x000000070ee00000, 0x000000070ee00000| Untracked 
| 105|0x000000070f000000, 0x000000070f000000, 0x000000070f200000|  0%| F|  |TAMS 0x000000070f000000, 0x000000070f000000| Untracked 
| 106|0x000000070f200000, 0x000000070f200000, 0x000000070f400000|  0%| F|  |TAMS 0x000000070f200000, 0x000000070f200000| Untracked 
| 107|0x000000070f400000, 0x000000070f400000, 0x000000070f600000|  0%| F|  |TAMS 0x000000070f400000, 0x000000070f400000| Untracked 
| 108|0x000000070f600000, 0x000000070f600000, 0x000000070f800000|  0%| F|  |TAMS 0x000000070f600000, 0x000000070f600000| Untracked 
| 109|0x000000070f800000, 0x000000070f800000, 0x000000070fa00000|  0%| F|  |TAMS 0x000000070f800000, 0x000000070f800000| Untracked 
| 110|0x000000070fa00000, 0x000000070fa00000, 0x000000070fc00000|  0%| F|  |TAMS 0x000000070fa00000, 0x000000070fa00000| Untracked 
| 111|0x000000070fc00000, 0x000000070fc00000, 0x000000070fe00000|  0%| F|  |TAMS 0x000000070fc00000, 0x000000070fc00000| Untracked 
| 112|0x000000070fe00000, 0x000000070fe00000, 0x0000000710000000|  0%| F|  |TAMS 0x000000070fe00000, 0x000000070fe00000| Untracked 
| 113|0x0000000710000000, 0x0000000710000000, 0x0000000710200000|  0%| F|  |TAMS 0x0000000710000000, 0x0000000710000000| Untracked 
| 114|0x0000000710200000, 0x0000000710200000, 0x0000000710400000|  0%| F|  |TAMS 0x0000000710200000, 0x0000000710200000| Untracked 
| 115|0x0000000710400000, 0x0000000710600000, 0x0000000710600000|100%| S|CS|TAMS 0x0000000710400000, 0x0000000710400000| Complete 
| 116|0x0000000710600000, 0x0000000710800000, 0x0000000710800000|100%| S|CS|TAMS 0x0000000710600000, 0x0000000710600000| Complete 
| 117|0x0000000710800000, 0x0000000710800000, 0x0000000710a00000|  0%| F|  |TAMS 0x0000000710800000, 0x0000000710800000| Untracked 
| 118|0x0000000710a00000, 0x0000000710a00000, 0x0000000710c00000|  0%| F|  |TAMS 0x0000000710a00000, 0x0000000710a00000| Untracked 
| 119|0x0000000710c00000, 0x0000000710c00000, 0x0000000710e00000|  0%| F|  |TAMS 0x0000000710c00000, 0x0000000710c00000| Untracked 
| 120|0x0000000710e00000, 0x0000000710e779e8, 0x0000000711000000| 23%| E|  |TAMS 0x0000000710e00000, 0x0000000710e00000| Complete 
| 121|0x0000000711000000, 0x0000000711200000, 0x0000000711200000|100%| E|CS|TAMS 0x0000000711000000, 0x0000000711000000| Complete 
| 122|0x0000000711200000, 0x0000000711400000, 0x0000000711400000|100%| E|CS|TAMS 0x0000000711200000, 0x0000000711200000| Complete 
| 123|0x0000000711400000, 0x0000000711600000, 0x0000000711600000|100%| E|CS|TAMS 0x0000000711400000, 0x0000000711400000| Complete 
| 124|0x0000000711600000, 0x0000000711800000, 0x0000000711800000|100%| E|CS|TAMS 0x0000000711600000, 0x0000000711600000| Complete 
| 125|0x0000000711800000, 0x0000000711a00000, 0x0000000711a00000|100%| E|CS|TAMS 0x0000000711800000, 0x0000000711800000| Complete 
| 126|0x0000000711a00000, 0x0000000711c00000, 0x0000000711c00000|100%| E|CS|TAMS 0x0000000711a00000, 0x0000000711a00000| Complete 
| 127|0x0000000711c00000, 0x0000000711e00000, 0x0000000711e00000|100%| E|CS|TAMS 0x0000000711c00000, 0x0000000711c00000| Complete 

Card table byte_map: [0x00000269ac540000,0x00000269acd40000] _byte_map_base: 0x00000269a8d31000

Marking Bits (Prev, Next): (CMBitMap*) 0x000002699521e390, (CMBitMap*) 0x000002699521e3d0
 Prev Bits: [0x00000269ad540000, 0x00000269b14c8000)
 Next Bits: [0x00000269b14d0000, 0x00000269b5458000)

Polling page: 0x0000026994970000

Metaspace:

Usage:
  Non-class:      7.50 MB used.
      Class:      1.09 MB used.
       Both:      8.59 MB used.

Virtual space:
  Non-class space:       16.00 MB reserved,       7.62 MB ( 48%) committed,  2 nodes.
      Class space:        1.00 GB reserved,       1.19 MB ( <1%) committed,  1 nodes.
             Both:        1.02 GB reserved,       8.81 MB ( <1%) committed. 

Chunk freelists:
   Non-Class:  3.78 MB
       Class:  2.70 MB
        Both:  6.48 MB

MaxMetaspaceSize: unlimited
CompressedClassSpaceSize: 1.00 GB
Initial GC threshold: 21.00 MB
Current GC threshold: 21.00 MB
CDS: on
MetaspaceReclaimPolicy: balanced
 - commit_granule_bytes: 65536.
 - commit_granule_words: 8192.
 - virtual_space_node_default_size: 1048576.
 - enlarge_chunks_in_place: 1.
 - new_chunks_are_fully_committed: 0.
 - uncommit_free_chunks: 1.
 - use_allocation_guard: 0.
 - handle_deallocations: 1.


Internal statistics:

num_allocs_failed_limit: 0.
num_arena_births: 142.
num_arena_deaths: 0.
num_vsnodes_births: 3.
num_vsnodes_deaths: 0.
num_space_committed: 141.
num_space_uncommitted: 0.
num_chunks_returned_to_freelist: 0.
num_chunks_taken_from_freelist: 408.
num_chunk_merges: 0.
num_chunk_splits: 252.
num_chunks_enlarged: 184.
num_purges: 0.
num_inconsistent_stats: 0.

CodeHeap 'non-profiled nmethods': size=120000Kb used=611Kb max_used=611Kb free=119388Kb
 bounds [0x00000269a44e0000, 0x00000269a4750000, 0x00000269aba10000]
CodeHeap 'profiled nmethods': size=120000Kb used=2954Kb max_used=2954Kb free=117045Kb
 bounds [0x000002699cfb0000, 0x000002699d2a0000, 0x00000269a44e0000]
CodeHeap 'non-nmethods': size=5760Kb used=1163Kb max_used=1197Kb free=4596Kb
 bounds [0x000002699ca10000, 0x000002699cc80000, 0x000002699cfb0000]
 total_blobs=2060 nmethods=1606 adapters=366
 compilation: enabled
              stopped_count=0, restarted_count=0
 full_count=0

Compilation events (20 events):
Event: 1.208 Thread 0x00000269b8806340 1568       3       java.util.ImmutableCollections$ListN::size (6 bytes)
Event: 1.208 Thread 0x00000269b8806340 nmethod 1568 0x000002699d282310 code [0x000002699d2824a0, 0x000002699d2825b8]
Event: 1.210 Thread 0x00000269b8806340 1574       3       java.util.HashMap::tableSizeFor (32 bytes)
Event: 1.211 Thread 0x00000269b8806340 nmethod 1574 0x000002699d282690 code [0x000002699d282840, 0x000002699d282a68]
Event: 1.211 Thread 0x00000269b8806340 1576       3       java.util.LinkedHashMap$LinkedEntryIterator::next (5 bytes)
Event: 1.211 Thread 0x00000269b8806340 nmethod 1576 0x000002699d282b10 code [0x000002699d282cc0, 0x000002699d282e48]
Event: 1.211 Thread 0x00000269b8806340 1577       3       java.util.LinkedHashMap$LinkedEntryIterator::next (5 bytes)
Event: 1.211 Thread 0x00000269b8806340 nmethod 1577 0x000002699d282f10 code [0x000002699d2830a0, 0x000002699d2831e8]
Event: 1.211 Thread 0x00000269b8806340 1580       3       org.springframework.boot.context.properties.source.SpringIterableConfigurationPropertySource$Mappings::updateMappings (261 bytes)
Event: 1.212 Thread 0x00000269b8805a40 1584       4       org.springframework.util.Assert::notNull (14 bytes)
Event: 1.212 Thread 0x00000269b8805a40 nmethod 1584 0x00000269a4576690 code [0x00000269a4576800, 0x00000269a4576878]
Event: 1.212 Thread 0x00000269b8805a40 1586       4       java.util.concurrent.ConcurrentHashMap$KeyIterator::next (34 bytes)
Event: 1.213 Thread 0x00000269b8806340 nmethod 1580 0x000002699d283290 code [0x000002699d2836a0, 0x000002699d285788]
Event: 1.213 Thread 0x00000269b8806340 1585       3       java.lang.reflect.Method::copy (84 bytes)
Event: 1.213 Thread 0x00000269b8806340 nmethod 1585 0x000002699d286310 code [0x000002699d2864e0, 0x000002699d286938]
Event: 1.213 Thread 0x00000269b8806340 1587   !   3       org.springframework.boot.context.properties.source.SpringConfigurationPropertySource::getConfigurationProperty (119 bytes)
Event: 1.214 Thread 0x00000269b8806340 nmethod 1587 0x000002699d286a90 code [0x000002699d286ce0, 0x000002699d2876f8]
Event: 1.214 Thread 0x00000269b8806340 1579       3       org.springframework.boot.context.properties.source.SpringIterableConfigurationPropertySource$$Lambda$86/0x0000000800c9dd20::get (8 bytes)
Event: 1.214 Thread 0x00000269b8806340 nmethod 1579 0x000002699d287b90 code [0x000002699d287d40, 0x000002699d287f28]
Event: 1.214 Thread 0x00000269b8806340 1581       3       org.springframework.boot.context.properties.source.SoftReferenceConfigurationPropertyCache::setValue (13 bytes)

GC Heap History (2 events):
Event: 0.737 GC heap before
{Heap before GC invocations=0 (full 0):
 garbage-first heap   total 262144K, used 20480K [0x0000000701e00000, 0x0000000800000000)
  region size 2048K, 11 young (22528K), 0 survivors (0K)
 Metaspace       used 5256K, committed 5376K, reserved 1056768K
  class space    used 593K, committed 640K, reserved 1048576K
}
Event: 0.742 GC heap after
{Heap after GC invocations=1 (full 0):
 garbage-first heap   total 262144K, used 6421K [0x0000000701e00000, 0x0000000800000000)
  region size 2048K, 2 young (4096K), 2 survivors (4096K)
 Metaspace       used 5256K, committed 5376K, reserved 1056768K
  class space    used 593K, committed 640K, reserved 1048576K
}

Deoptimization events (20 events):
Event: 1.094 Thread 0x00000269951b6cc0 Uncommon trap: trap_request=0xffffff45 fr.pc=0x00000269a4563ab8 relative=0x0000000000000b78
Event: 1.094 Thread 0x00000269951b6cc0 Uncommon trap: reason=unstable_if action=reinterpret pc=0x00000269a4563ab8 method=java.util.HashMap.hash(Ljava/lang/Object;)I @ 1 c2
Event: 1.094 Thread 0x00000269951b6cc0 DEOPT PACKING pc=0x00000269a4563ab8 sp=0x0000006ffb9fd7f0
Event: 1.094 Thread 0x00000269951b6cc0 DEOPT UNPACKING pc=0x000002699ca623a3 sp=0x0000006ffb9fd790 mode 2
Event: 1.101 Thread 0x00000269951b6cc0 Uncommon trap: trap_request=0xffffff45 fr.pc=0x00000269a4524398 relative=0x0000000000000098
Event: 1.101 Thread 0x00000269951b6cc0 Uncommon trap: reason=unstable_if action=reinterpret pc=0x00000269a4524398 method=java.util.HashMap.hash(Ljava/lang/Object;)I @ 1 c2
Event: 1.101 Thread 0x00000269951b6cc0 DEOPT PACKING pc=0x00000269a4524398 sp=0x0000006ffb9fd870
Event: 1.101 Thread 0x00000269951b6cc0 DEOPT UNPACKING pc=0x000002699ca623a3 sp=0x0000006ffb9fd808 mode 2
Event: 1.103 Thread 0x00000269951b6cc0 Uncommon trap: trap_request=0xffffff45 fr.pc=0x00000269a451cfb0 relative=0x00000000000004f0
Event: 1.103 Thread 0x00000269951b6cc0 Uncommon trap: reason=unstable_if action=reinterpret pc=0x00000269a451cfb0 method=java.util.HashMap.hash(Ljava/lang/Object;)I @ 1 c2
Event: 1.103 Thread 0x00000269951b6cc0 DEOPT PACKING pc=0x00000269a451cfb0 sp=0x0000006ffb9fd680
Event: 1.103 Thread 0x00000269951b6cc0 DEOPT UNPACKING pc=0x000002699ca623a3 sp=0x0000006ffb9fd528 mode 2
Event: 1.103 Thread 0x00000269951b6cc0 Uncommon trap: trap_request=0xffffff45 fr.pc=0x00000269a451bdec relative=0x00000000000004ac
Event: 1.103 Thread 0x00000269951b6cc0 Uncommon trap: reason=unstable_if action=reinterpret pc=0x00000269a451bdec method=java.util.HashMap.hash(Ljava/lang/Object;)I @ 1 c2
Event: 1.103 Thread 0x00000269951b6cc0 DEOPT PACKING pc=0x00000269a451bdec sp=0x0000006ffb9fd610
Event: 1.103 Thread 0x00000269951b6cc0 DEOPT UNPACKING pc=0x000002699ca623a3 sp=0x0000006ffb9fd528 mode 2
Event: 1.119 Thread 0x00000269951b6cc0 Uncommon trap: trap_request=0xffffff45 fr.pc=0x00000269a4565b28 relative=0x0000000000000408
Event: 1.119 Thread 0x00000269951b6cc0 Uncommon trap: reason=unstable_if action=reinterpret pc=0x00000269a4565b28 method=java.lang.StringBuilder.toString()Ljava/lang/String; @ 4 c2
Event: 1.119 Thread 0x00000269951b6cc0 DEOPT PACKING pc=0x00000269a4565b28 sp=0x0000006ffb9fc900
Event: 1.119 Thread 0x00000269951b6cc0 DEOPT UNPACKING pc=0x000002699ca623a3 sp=0x0000006ffb9fc8e0 mode 2

Classes unloaded (0 events):
No events

Classes redefined (0 events):
No events

Internal exceptions (20 events):
Event: 0.826 Thread 0x00000269951b6cc0 Exception <a 'java/lang/NoSuchMethodError'{0x0000000711b85db8}: 'void java.lang.invoke.DelegatingMethodHandle$Holder.delegate(java.lang.Object, java.lang.Object, int, java.lang.Object)'> (0x0000000711b85db8) 
thrown [s\open\src\hotspot\share\interpreter\linkResolver.cpp, line 759]
Event: 1.046 Thread 0x00000269951b6cc0 Exception <a 'java/lang/NoSuchMethodError'{0x0000000711661010}: 'java.lang.Object java.lang.invoke.DirectMethodHandle$Holder.invokeSpecial(java.lang.Object, java.lang.Object, java.lang.Object, java.lang.Object, java.lang.Object, java.lang.Object, int)'> (0x0000000711661010) 
thrown [s\open\src\hotspot\share\interpreter\linkResolver.cpp, line 759]
Event: 1.047 Thread 0x00000269951b6cc0 Exception <a 'java/lang/NoSuchMethodError'{0x000000071166b570}: 'java.lang.Object java.lang.invoke.DirectMethodHandle$Holder.newInvokeSpecial(java.lang.Object, java.lang.Object, java.lang.Object, java.lang.Object, java.lang.Object, java.lang.Object, int)'> (0x000000071166b570) 
thrown [s\open\src\hotspot\share\interpreter\linkResolver.cpp, line 759]
Event: 1.047 Thread 0x00000269951b6cc0 Exception <a 'java/lang/NoSuchMethodError'{0x00000007116705b0}: 'java.lang.Object java.lang.invoke.DirectMethodHandle$Holder.invokeSpecial(java.lang.Object, java.lang.Object, java.lang.Object, java.lang.Object, java.lang.Object, java.lang.Object, java.lang.Object, int)'> (0x00000007116705b0) 
thrown [s\open\src\hotspot\share\interpreter\linkResolver.cpp, line 759]
Event: 1.061 Thread 0x00000269951b6cc0 Exception <a 'java/lang/NoSuchMethodError'{0x00000007117143f8}: 'int java.lang.invoke.DirectMethodHandle$Holder.invokeInterface(java.lang.Object, java.lang.Object)'> (0x00000007117143f8) 
thrown [s\open\src\hotspot\share\interpreter\linkResolver.cpp, line 759]
Event: 1.081 Thread 0x00000269951b6cc0 Exception <a 'java/lang/NoSuchMethodError'{0x000000071143f420}: 'void java.lang.invoke.DirectMethodHandle$Holder.invokeSpecial(java.lang.Object, java.lang.Object, java.lang.Object, java.lang.Object, java.lang.Object)'> (0x000000071143f420) 
thrown [s\open\src\hotspot\share\interpreter\linkResolver.cpp, line 759]
Event: 1.094 Thread 0x00000269951b6cc0 Implicit null exception at 0x00000269a4562f80 to 0x00000269a4563a9c
Event: 1.101 Thread 0x00000269951b6cc0 Implicit null exception at 0x00000269a452430f to 0x00000269a4524389
Event: 1.103 Thread 0x00000269951b6cc0 Implicit null exception at 0x00000269a451cb0f to 0x00000269a451cf94
Event: 1.103 Thread 0x00000269951b6cc0 Implicit null exception at 0x00000269a451b98f to 0x00000269a451bdd0
Event: 1.129 Thread 0x00000269951b6cc0 Exception <a 'java/lang/NoSuchMethodError'{0x00000007112a8788}: 'void java.lang.invoke.DirectMethodHandle$Holder.invokeSpecial(java.lang.Object, java.lang.Object, java.lang.Object, java.lang.Object, java.lang.Object, java.lang.Object)'> (0x00000007112a8788) 
thrown [s\open\src\hotspot\share\interpreter\linkResolver.cpp, line 759]
Event: 1.137 Thread 0x00000269951b6cc0 Exception <a 'java/lang/NoSuchMethodError'{0x00000007112edea8}: 'java.lang.Object java.lang.invoke.DirectMethodHandle$Holder.invokeSpecial(java.lang.Object, java.lang.Object, java.lang.Object, int, java.lang.Object)'> (0x00000007112edea8) 
thrown [s\open\src\hotspot\share\interpreter\linkResolver.cpp, line 759]
Event: 1.138 Thread 0x00000269951b6cc0 Exception <a 'java/lang/NoSuchMethodError'{0x00000007112f6418}: 'java.lang.Object java.lang.invoke.DirectMethodHandle$Holder.newInvokeSpecial(java.lang.Object, java.lang.Object, java.lang.Object, int, java.lang.Object)'> (0x00000007112f6418) 
thrown [s\open\src\hotspot\share\interpreter\linkResolver.cpp, line 759]
Event: 1.138 Thread 0x00000269951b6cc0 Exception <a 'java/lang/NoSuchMethodError'{0x00000007112fe0b0}: 'java.lang.Object java.lang.invoke.Invokers$Holder.linkToTargetMethod(java.lang.Object, java.lang.Object, int, java.lang.Object, java.lang.Object)'> (0x00000007112fe0b0) 
thrown [s\open\src\hotspot\share\interpreter\linkResolver.cpp, line 759]
Event: 1.139 Thread 0x00000269951b6cc0 Exception <a 'java/lang/NoSuchMethodError'{0x000000071130ccd8}: 'java.lang.Object java.lang.invoke.DirectMethodHandle$Holder.newInvokeSpecial(java.lang.Object, int, java.lang.Object)'> (0x000000071130ccd8) 
thrown [s\open\src\hotspot\share\interpreter\linkResolver.cpp, line 759]
Event: 1.140 Thread 0x00000269951b6cc0 Exception <a 'java/lang/NoSuchMethodError'{0x0000000711311a50}: 'int java.lang.invoke.DirectMethodHandle$Holder.invokeSpecialIFC(java.lang.Object, java.lang.Object, java.lang.Object, java.lang.Object)'> (0x0000000711311a50) 
thrown [s\open\src\hotspot\share\interpreter\linkResolver.cpp, line 759]
Event: 1.157 Thread 0x00000269951b6cc0 Exception <a 'java/lang/NoSuchMethodError'{0x00000007113bfe68}: 'java.lang.Object java.lang.invoke.DirectMethodHandle$Holder.invokeInterface(java.lang.Object, java.lang.Object)'> (0x00000007113bfe68) 
thrown [s\open\src\hotspot\share\interpreter\linkResolver.cpp, line 759]
Event: 1.160 Thread 0x00000269951b6cc0 Exception <a 'java/lang/NoSuchMethodError'{0x00000007113d2370}: 'void java.lang.invoke.DirectMethodHandle$Holder.invokeInterface(java.lang.Object, java.lang.Object, java.lang.Object)'> (0x00000007113d2370) 
thrown [s\open\src\hotspot\share\interpreter\linkResolver.cpp, line 759]
Event: 1.178 Thread 0x00000269951b6cc0 Exception <a 'java/lang/NoSuchMethodError'{0x000000071105ad28}: 'void java.lang.invoke.DirectMethodHandle$Holder.invokeStaticInit(java.lang.Object, java.lang.Object)'> (0x000000071105ad28) 
thrown [s\open\src\hotspot\share\interpreter\linkResolver.cpp, line 759]
Event: 1.180 Thread 0x00000269951b6cc0 Exception <a 'java/lang/NoSuchMethodError'{0x0000000711067720}: 'void java.lang.invoke.DirectMethodHandle$Holder.invokeStaticInit(java.lang.Object, java.lang.Object, java.lang.Object)'> (0x0000000711067720) 
thrown [s\open\src\hotspot\share\interpreter\linkResolver.cpp, line 759]

VM Operations (18 events):
Event: 0.117 Executing VM operation: HandshakeAllThreads
Event: 0.117 Executing VM operation: HandshakeAllThreads done
Event: 0.273 Executing VM operation: HandshakeAllThreads
Event: 0.273 Executing VM operation: HandshakeAllThreads done
Event: 0.454 Executing VM operation: HandshakeAllThreads
Event: 0.455 Executing VM operation: HandshakeAllThreads done
Event: 0.493 Executing VM operation: HandshakeAllThreads
Event: 0.493 Executing VM operation: HandshakeAllThreads done
Event: 0.649 Executing VM operation: HandshakeAllThreads
Event: 0.649 Executing VM operation: HandshakeAllThreads done
Event: 0.737 Executing VM operation: G1CollectForAllocation
Event: 0.742 Executing VM operation: G1CollectForAllocation done
Event: 0.824 Executing VM operation: HandshakeAllThreads
Event: 0.824 Executing VM operation: HandshakeAllThreads done
Event: 0.851 Executing VM operation: HandshakeAllThreads
Event: 0.851 Executing VM operation: HandshakeAllThreads done
Event: 1.214 Executing VM operation: ICBufferFull
Event: 1.214 Executing VM operation: ICBufferFull done

Events (20 events):
Event: 1.188 loading class java/lang/management/DefaultPlatformMBeanProvider$9
Event: 1.188 loading class java/lang/management/DefaultPlatformMBeanProvider$9 done
Event: 1.188 loading class java/lang/management/DefaultPlatformMBeanProvider$10
Event: 1.188 loading class java/lang/management/DefaultPlatformMBeanProvider$10 done
Event: 1.188 loading class java/lang/management/DefaultPlatformMBeanProvider$11
Event: 1.189 loading class java/lang/management/DefaultPlatformMBeanProvider$11 done
Event: 1.189 loading class jdk/management/jfr/FlightRecorderMXBean
Event: 1.189 loading class jdk/management/jfr/FlightRecorderMXBean done
Event: 1.189 loading class jdk/management/jfr/internal/FlightRecorderMXBeanProvider$SingleMBeanComponent
Event: 1.189 loading class jdk/management/jfr/internal/FlightRecorderMXBeanProvider$SingleMBeanComponent done
Event: 1.190 loading class java/util/stream/ReduceOps$2
Event: 1.190 loading class java/util/stream/ReduceOps$2 done
Event: 1.190 loading class java/util/stream/ReduceOps$2ReducingSink
Event: 1.190 loading class java/util/stream/ReduceOps$2ReducingSink done
Event: 1.190 loading class sun/management/RuntimeImpl
Event: 1.190 loading class sun/management/RuntimeImpl done
Event: 1.190 loading class java/util/Collections$2
Event: 1.190 loading class java/util/Collections$2 done
Event: 1.194 loading class java/net/InetAddress$CachedLocalHost
Event: 1.194 loading class java/net/InetAddress$CachedLocalHost done


Dynamic libraries:
0x00007ff7542b0000 - 0x00007ff7542c0000 	C:\Program Files\Java\jdk-17.0.5\bin\java.exe
0x00007ff8111b0000 - 0x00007ff8113c4000 	C:\WINDOWS\SYSTEM32\ntdll.dll
0x00007ff810e40000 - 0x00007ff810f03000 	C:\WINDOWS\System32\KERNEL32.DLL
0x00007ff80e660000 - 0x00007ff80e9fc000 	C:\WINDOWS\System32\KERNELBASE.dll
0x00007ff80eba0000 - 0x00007ff80ecb1000 	C:\WINDOWS\System32\ucrtbase.dll
0x00007ff800d20000 - 0x00007ff800d3a000 	C:\Program Files\Java\jdk-17.0.5\bin\VCRUNTIME140.dll
0x00007fffe1ec0000 - 0x00007fffe1ed8000 	C:\Program Files\Java\jdk-17.0.5\bin\jli.dll
0x00007ff810d70000 - 0x00007ff810e1e000 	C:\WINDOWS\System32\ADVAPI32.dll
0x00007ff810c40000 - 0x00007ff810ce7000 	C:\WINDOWS\System32\msvcrt.dll
0x00007ff810f10000 - 0x00007ff810fb4000 	C:\WINDOWS\System32\sechost.dll
0x00007ff80f010000 - 0x00007ff80f125000 	C:\WINDOWS\System32\RPCRT4.dll
0x00007ff810fc0000 - 0x00007ff81116d000 	C:\WINDOWS\System32\USER32.dll
0x00007ff80ef90000 - 0x00007ff80efb6000 	C:\WINDOWS\System32\win32u.dll
0x00007fffe43c0000 - 0x00007fffe464e000 	C:\WINDOWS\WinSxS\amd64_microsoft.windows.common-controls_6595b64144ccf1df_6.0.22621.608_none_a9444ca7c10bb01d\COMCTL32.dll
0x00007ff80f250000 - 0x00007ff80f279000 	C:\WINDOWS\System32\GDI32.dll
0x00007ff80ea80000 - 0x00007ff80eb93000 	C:\WINDOWS\System32\gdi32full.dll
0x00007ff80ecc0000 - 0x00007ff80ed5a000 	C:\WINDOWS\System32\msvcp_win.dll
0x00007ff807ce0000 - 0x00007ff807cea000 	C:\WINDOWS\SYSTEM32\VERSION.dll
0x00007ff80fea0000 - 0x00007ff80fed1000 	C:\WINDOWS\System32\IMM32.DLL
0x00007fffe8e50000 - 0x00007fffe8e5c000 	C:\Program Files\Java\jdk-17.0.5\bin\vcruntime140_1.dll
0x00007fffb9850000 - 0x00007fffb98dd000 	C:\Program Files\Java\jdk-17.0.5\bin\msvcp140.dll
0x00007fff8e8e0000 - 0x00007fff8f4a2000 	C:\Program Files\Java\jdk-17.0.5\bin\server\jvm.dll
0x00007ff80f1e0000 - 0x00007ff80f1e8000 	C:\WINDOWS\System32\PSAPI.DLL
0x00007ff8089d0000 - 0x00007ff8089d9000 	C:\WINDOWS\SYSTEM32\WSOCK32.dll
0x00007ff807900000 - 0x00007ff807934000 	C:\WINDOWS\SYSTEM32\WINMM.dll
0x00007ff80f770000 - 0x00007ff80f7e1000 	C:\WINDOWS\System32\WS2_32.dll
0x00007ff80d6f0000 - 0x00007ff80d708000 	C:\WINDOWS\SYSTEM32\kernel.appcore.dll
0x00007fffe8da0000 - 0x00007fffe8daa000 	C:\Program Files\Java\jdk-17.0.5\bin\jimage.dll
0x00007ff80bf90000 - 0x00007ff80c1be000 	C:\WINDOWS\SYSTEM32\DBGHELP.DLL
0x00007ff80fee0000 - 0x00007ff810269000 	C:\WINDOWS\System32\combase.dll
0x00007ff810ad0000 - 0x00007ff810ba7000 	C:\WINDOWS\System32\OLEAUT32.dll
0x00007ff8065f0000 - 0x00007ff806622000 	C:\WINDOWS\SYSTEM32\dbgcore.DLL
0x00007ff80ea00000 - 0x00007ff80ea7b000 	C:\WINDOWS\System32\bcryptPrimitives.dll
0x00007ff805890000 - 0x00007ff80589e000 	C:\Program Files\Java\jdk-17.0.5\bin\instrument.dll
0x00007fffc0ff0000 - 0x00007fffc1015000 	C:\Program Files\Java\jdk-17.0.5\bin\java.dll
0x00007fff9e140000 - 0x00007fff9e216000 	C:\Program Files\Java\jdk-17.0.5\bin\jsvml.dll
0x00007ff8102e0000 - 0x00007ff810ad0000 	C:\WINDOWS\System32\SHELL32.dll
0x00007ff80c5c0000 - 0x00007ff80ce8e000 	C:\WINDOWS\SYSTEM32\windows.storage.dll
0x00007ff80c470000 - 0x00007ff80c5ae000 	C:\WINDOWS\SYSTEM32\wintypes.dll
0x00007ff80f910000 - 0x00007ff80fa01000 	C:\WINDOWS\System32\SHCORE.dll
0x00007ff810280000 - 0x00007ff8102de000 	C:\WINDOWS\System32\shlwapi.dll
0x00007ff80e520000 - 0x00007ff80e541000 	C:\WINDOWS\SYSTEM32\profapi.dll
0x00007fffda520000 - 0x00007fffda538000 	C:\Program Files\Java\jdk-17.0.5\bin\zip.dll
0x00007fffdf030000 - 0x00007fffdf049000 	C:\Program Files\Java\jdk-17.0.5\bin\net.dll
0x00007ff8070e0000 - 0x00007ff80720f000 	C:\WINDOWS\SYSTEM32\WINHTTP.dll
0x00007ff80db50000 - 0x00007ff80dbb9000 	C:\WINDOWS\system32\mswsock.dll
0x00007fffdbb60000 - 0x00007fffdbb76000 	C:\Program Files\Java\jdk-17.0.5\bin\nio.dll
0x00007ff805870000 - 0x00007ff80588a000 	C:\Program Files\JetBrains\IntelliJ IDEA Community Edition 2022.3\bin\breakgen64.dll
0x00007fffe90d0000 - 0x00007fffe90e0000 	C:\Program Files\Java\jdk-17.0.5\bin\verify.dll
0x00007ff80d150000 - 0x00007ff80d17d000 	C:\WINDOWS\SYSTEM32\IPHLPAPI.DLL
0x00007ff80fb30000 - 0x00007ff80fb39000 	C:\WINDOWS\System32\NSI.dll
0x00007ff807030000 - 0x00007ff807049000 	C:\WINDOWS\SYSTEM32\dhcpcsvc6.DLL
0x00007ff807010000 - 0x00007ff80702f000 	C:\WINDOWS\SYSTEM32\dhcpcsvc.DLL
0x00007ff80d1c0000 - 0x00007ff80d2b3000 	C:\WINDOWS\SYSTEM32\DNSAPI.dll
0x00007ff805b10000 - 0x00007ff805b1a000 	C:\Windows\System32\rasadhlp.dll
0x00007ff806680000 - 0x00007ff806703000 	C:\WINDOWS\System32\fwpuclnt.dll
0x00007fffe7c10000 - 0x00007fffe7c19000 	C:\Program Files\Java\jdk-17.0.5\bin\management.dll
0x00007fffe7a20000 - 0x00007fffe7a2b000 	C:\Program Files\Java\jdk-17.0.5\bin\management_ext.dll
0x00007fffee0b0000 - 0x00007fffee0c7000 	C:\WINDOWS\system32\napinsp.dll
0x00007fffee090000 - 0x00007fffee0ab000 	C:\WINDOWS\system32\pnrpnsp.dll
0x00007fffee1c0000 - 0x00007fffee1d1000 	C:\WINDOWS\System32\winrnr.dll
0x00007ff806d40000 - 0x00007ff806d55000 	C:\WINDOWS\system32\wshbth.dll
0x00007fffee190000 - 0x00007fffee1b1000 	C:\WINDOWS\system32\nlansp_c.dll

dbghelp: loaded successfully - version: 4.0.5 - missing functions: none
symbol engine: initialized successfully - sym options: 0x614 - pdb path: .;C:\Program Files\Java\jdk-17.0.5\bin;C:\WINDOWS\SYSTEM32;C:\WINDOWS\WinSxS\amd64_microsoft.windows.common-controls_6595b64144ccf1df_6.0.22621.608_none_a9444ca7c10bb01d;C:\Program Files\Java\jdk-17.0.5\bin\server;C:\Program Files\JetBrains\IntelliJ IDEA Community Edition 2022.3\bin

VM Arguments:
jvm_args: -javaagent:C:\Program Files\JetBrains\IntelliJ IDEA Community Edition 2022.3\lib\idea_rt.jar=61280:C:\Program Files\JetBrains\IntelliJ IDEA Community Edition 2022.3\bin -Dfile.encoding=UTF-8 
java_command: com.ab.amigo.gateway.GatewayApplication
java_class_path (initial): D:\Documents\Code\InfyCapstone\SimActivationCapstone\SimActivationBackEnd\gateway\target\classes;C:\Users\abfeb\.m2\repository\org\springframework\boot\spring-boot-starter\2.7.9\spring-boot-starter-2.7.9.jar;C:\Users\abfeb\.m2\repository\org\springframework\boot\spring-boot\2.7.9\spring-boot-2.7.9.jar;C:\Users\abfeb\.m2\repository\org\springframework\spring-context\5.3.25\spring-context-5.3.25.jar;C:\Users\abfeb\.m2\repository\org\springframework\spring-beans\5.3.25\spring-beans-5.3.25.jar;C:\Users\abfeb\.m2\repository\org\springframework\spring-expression\5.3.25\spring-expression-5.3.25.jar;C:\Users\abfeb\.m2\repository\org\springframework\boot\spring-boot-autoconfigure\2.7.9\spring-boot-autoconfigure-2.7.9.jar;C:\Users\abfeb\.m2\repository\org\springframework\boot\spring-boot-starter-logging\2.7.9\spring-boot-starter-logging-2.7.9.jar;C:\Users\abfeb\.m2\repository\ch\qos\logback\logback-classic\1.2.11\logback-classic-1.2.11.jar;C:\Users\abfeb\.m2\repository\ch\qos\logback\logback-core\1.2.11\logback-core-1.2.11.jar;C:\Users\abfeb\.m2\repository\org\apache\logging\log4j\log4j-to-slf4j\2.17.2\log4j-to-slf4j-2.17.2.jar;C:\Users\abfeb\.m2\repository\org\apache\logging\log4j\log4j-api\2.17.2\log4j-api-2.17.2.jar;C:\Users\abfeb\.m2\repository\org\slf4j\jul-to-slf4j\1.7.36\jul-to-slf4j-1.7.36.jar;C:\Users\abfeb\.m2\repository\jakarta\annotation\jakarta.annotation-api\1.3.5\jakarta.annotation-api-1.3.5.jar;C:\Users\abfeb\.m2\repository\org\springframework\spring-core\5.3.25\spring-core-5.3.25.jar;C:\Users\abfeb\.m2\repository\org\springframework\spring-jcl\5.3.25\spring-jcl-5.3.25.jar;C:\Users\abfeb\.m2\repository\org\yaml\snakeyaml\1.30\snakeyaml-1.30.jar;C:\Users\abfeb\.m2\repository\org\springframework\cloud\spring-cloud-starter-bootstrap\3.1.6\spring-cloud-starter-bootstrap-3.1.6.jar;C:\Users\abfeb\.m2\repository\org\springframework\cloud\spring-cloud-starter\3.1.6\spring-cloud-starter-3.1.6.jar;C:\Users\abfeb\.m2\repository\org\springfram
Launcher Type: SUN_STANDARD

[Global flags]
     intx CICompilerCount                          = 4                                         {product} {ergonomic}
     uint ConcGCThreads                            = 2                                         {product} {ergonomic}
     uint G1ConcRefinementThreads                  = 8                                         {product} {ergonomic}
   size_t G1HeapRegionSize                         = 2097152                                   {product} {ergonomic}
    uintx GCDrainStackTargetSize                   = 64                                        {product} {ergonomic}
   size_t InitialHeapSize                          = 268435456                                 {product} {ergonomic}
   size_t MarkStackSize                            = 4194304                                   {product} {ergonomic}
   size_t MaxHeapSize                              = 4263510016                                {product} {ergonomic}
   size_t MaxNewSize                               = 2556428288                                {product} {ergonomic}
   size_t MinHeapDeltaBytes                        = 2097152                                   {product} {ergonomic}
   size_t MinHeapSize                              = 8388608                                   {product} {ergonomic}
    uintx NonNMethodCodeHeapSize                   = 5839372                                {pd product} {ergonomic}
    uintx NonProfiledCodeHeapSize                  = 122909434                              {pd product} {ergonomic}
    uintx ProfiledCodeHeapSize                     = 122909434                              {pd product} {ergonomic}
    uintx ReservedCodeCacheSize                    = 251658240                              {pd product} {ergonomic}
     bool SegmentedCodeCache                       = true                                      {product} {ergonomic}
   size_t SoftMaxHeapSize                          = 4263510016                             {manageable} {ergonomic}
     bool UseCompressedClassPointers               = true                           {product lp64_product} {ergonomic}
     bool UseCompressedOops                        = true                           {product lp64_product} {ergonomic}
     bool UseG1GC                                  = true                                      {product} {ergonomic}
     bool UseLargePagesIndividualAllocation        = false                                  {pd product} {ergonomic}

Logging:
Log output configuration:
 #0: stdout all=warning uptime,level,tags
 #1: stderr all=off uptime,level,tags

Environment Variables:
PATH=C:\Program Files\Common Files\Oracle\Java\javapath;C:\Python311\Scripts\;C:\Python311\;C:\Windows\system32;C:\Windows;C:\Windows\System32\Wbem;C:\Windows\System32\WindowsPowerShell\v1.0\;C:\Windows\System32\OpenSSH\;C:\Program Files (x86)\NVIDIA Corporation\PhysX\Common;C:\Program Files\NVIDIA Corporation\NVIDIA NvDLISR;C:\WINDOWS\system32;C:\WINDOWS;C:\WINDOWS\System32\Wbem;C:\WINDOWS\System32\WindowsPowerShell\v1.0\;C:\WINDOWS\System32\OpenSSH\;C:\Program Files\dotnet\;C:\Program Files\nodejs\;C:\ProgramData\chocolatey\bin;C:\Program Files\Docker\Docker\resources\bin;C:\Program Files\Git\cmd;C:\Program Files\MySQL\MySQL Shell 8.0\bin\;C:\Users\abfeb\AppData\Local\Microsoft\WindowsApps;C:\Program Files\JetBrains\IntelliJ IDEA Community Edition 2022.3\bin;;C:\Users\abfeb\AppData\Roaming\npm;C:\Users\abfeb\AppData\Local\Programs\Microsoft VS Code\bin;C:\Users\abfeb\AppData\Local\GitHubDesktop\bin
USERNAME=abfeb
OS=Windows_NT
PROCESSOR_IDENTIFIER=Intel64 Family 6 Model 158 Stepping 10, GenuineIntel



---------------  S Y S T E M  ---------------

OS:
 Windows 11 , 64 bit Build 22621 (10.0.22621.1344)
OS uptime: 12 days 9:11 hours
Hyper-V role detected

CPU: total 8 (initial active 8) (4 cores per cpu, 2 threads per core) family 6 model 158 stepping 10 microcode 0xde, cx8, cmov, fxsr, ht, mmx, 3dnowpref, sse, sse2, sse3, ssse3, sse4.1, sse4.2, popcnt, lzcnt, tsc, tscinvbit, avx, avx2, aes, erms, clmul, bmi1, bmi2, adx, fma, vzeroupper, clflush, clflushopt, hv

Memory: 4k page, system-wide physical 16258M (1695M free)
TotalPageFile size 28784M (AvailPageFile size 7M)
current process WorkingSet (physical memory assigned to process): 101M, peak: 101M
current process commit charge ("private bytes"): 378M, peak: 379M

vm_info: Java HotSpot(TM) 64-Bit Server VM (17.0.5+9-LTS-191) for windows-amd64 JRE (17.0.5+9-LTS-191), built on Sep 13 2022 17:31:43 by "mach5one" with MS VC++ 16.8 / 16.9 (VS2019)

END.
