#
# There is insufficient memory for the Java Runtime Environment to continue.
# Native memory allocation (malloc) failed to allocate 407280 bytes for Chunk::new
# Possible reasons:
#   The system is out of physical RAM or swap space
#   The process is running with CompressedOops enabled, and the Java Heap may be blocking the growth of the native heap
# Possible solutions:
#   Reduce memory load on the system
#   Increase physical memory or swap space
#   Check if swap backing store is full
#   Decrease Java heap size (-Xmx/-Xms)
#   Decrease number of Java threads
#   Decrease Java thread stack sizes (-Xss)
#   Set larger code cache with -XX:ReservedCodeCacheSize=
#   JVM is running with Zero Based Compressed Oops mode in which the Java heap is
#     placed in the first 32GB address space. The Java Heap base address is the
#     maximum limit for the native heap growth. Please use -XX:HeapBaseMinAddress
#     to set the Java Heap base and to place the Java Heap above 32GB virtual address.
# This output file may be truncated or incomplete.
#
#  Out of Memory Error (arena.cpp:189), pid=3300, tid=28412
#
# JRE version: Java(TM) SE Runtime Environment (17.0.5+9) (build 17.0.5+9-LTS-191)
# Java VM: Java HotSpot(TM) 64-Bit Server VM (17.0.5+9-LTS-191, mixed mode, sharing, tiered, compressed oops, compressed class ptrs, g1 gc, windows-amd64)
# No core dump will be written. Minidumps are not enabled by default on client versions of Windows
#

---------------  S U M M A R Y ------------

Command Line: -javaagent:C:\Program Files\JetBrains\IntelliJ IDEA Community Edition 2022.3\lib\idea_rt.jar=59196:C:\Program Files\JetBrains\IntelliJ IDEA Community Edition 2022.3\bin -Dfile.encoding=UTF-8 com.ab.amigo.gateway.GatewayApplication

Host: Intel(R) Core(TM) i5-8300H CPU @ 2.30GHz, 8 cores, 15G,  Windows 11 , 64 bit Build 22621 (10.0.22621.1344)
Time: Mon Mar 27 20:02:57 2023 India Standard Time elapsed time: 232.164541 seconds (0d 0h 3m 52s)

---------------  T H R E A D  ---------------

Current thread (0x000001190f800820):  JavaThread "C2 CompilerThread0" daemon [_thread_in_native, id=28412, stack(0x0000000d90c00000,0x0000000d90d00000)]


Current CompileTask:
C2: 232164 7183       4       org.springframework.core.ResolvableType::getGenerics (148 bytes)

Stack: [0x0000000d90c00000,0x0000000d90d00000]
Native frames: (J=compiled Java code, j=interpreted, Vv=VM code, C=native code)
V  [jvm.dll+0x672eea]
V  [jvm.dll+0x7d2a04]
V  [jvm.dll+0x7d41ae]
V  [jvm.dll+0x7d4813]
V  [jvm.dll+0x242c15]
V  [jvm.dll+0xaa57b]
V  [jvm.dll+0xaab0c]
V  [jvm.dll+0x35ff97]
V  [jvm.dll+0x32a631]
V  [jvm.dll+0x329ada]
V  [jvm.dll+0x215cc1]
V  [jvm.dll+0x2150e1]
V  [jvm.dll+0x1a18ed]
V  [jvm.dll+0x22493a]
V  [jvm.dll+0x222aa5]
V  [jvm.dll+0x7885db]
V  [jvm.dll+0x782b4a]
V  [jvm.dll+0x671d75]
C  [ucrtbase.dll+0x29363]
C  [KERNEL32.DLL+0x126bd]
C  [ntdll.dll+0x5a9f8]


---------------  P R O C E S S  ---------------

Threads class SMR info:
_java_thread_list=0x0000011916faf5b0, length=33, elements={
0x000001197fd52380, 0x000001197fd52f30, 0x000001197fd69440, 0x000001197fd69df0,
0x000001197fd6d7c0, 0x000001197fd6e170, 0x000001190f800820, 0x000001190f86f410,
0x000001190f8701b0, 0x000001190f8c4760, 0x000001190fd158b0, 0x000001190fd15d80,
0x00000119143a68d0, 0x000001191006b6f0, 0x00000119104231f0, 0x0000011910424530,
0x00000119104236c0, 0x0000011910423b90, 0x000001191580eee0, 0x00000119158106f0,
0x0000011915810bc0, 0x000001191580e540, 0x0000011915811090, 0x0000011915811560,
0x0000011915810220, 0x00000119158153f0, 0x000001191580fd50, 0x00000119158128a0,
0x00000119158158c0, 0x0000011915813be0, 0x0000011915812d70, 0x000001191580f3b0,
0x0000011915813240
}

Java Threads: ( => current thread )
  0x000001197fd52380 JavaThread "Reference Handler" daemon [_thread_blocked, id=19520, stack(0x0000000d90600000,0x0000000d90700000)]
  0x000001197fd52f30 JavaThread "Finalizer" daemon [_thread_blocked, id=11148, stack(0x0000000d90700000,0x0000000d90800000)]
  0x000001197fd69440 JavaThread "Signal Dispatcher" daemon [_thread_blocked, id=4640, stack(0x0000000d90800000,0x0000000d90900000)]
  0x000001197fd69df0 JavaThread "Attach Listener" daemon [_thread_blocked, id=11276, stack(0x0000000d90900000,0x0000000d90a00000)]
  0x000001197fd6d7c0 JavaThread "Service Thread" daemon [_thread_blocked, id=1276, stack(0x0000000d90a00000,0x0000000d90b00000)]
  0x000001197fd6e170 JavaThread "Monitor Deflation Thread" daemon [_thread_blocked, id=11568, stack(0x0000000d90b00000,0x0000000d90c00000)]
=>0x000001190f800820 JavaThread "C2 CompilerThread0" daemon [_thread_in_native, id=28412, stack(0x0000000d90c00000,0x0000000d90d00000)]
  0x000001190f86f410 JavaThread "C1 CompilerThread0" daemon [_thread_blocked, id=17652, stack(0x0000000d90d00000,0x0000000d90e00000)]
  0x000001190f8701b0 JavaThread "Sweeper thread" daemon [_thread_blocked, id=28892, stack(0x0000000d90e00000,0x0000000d90f00000)]
  0x000001190f8c4760 JavaThread "Common-Cleaner" daemon [_thread_blocked, id=26704, stack(0x0000000d90f00000,0x0000000d91000000)]
  0x000001190fd158b0 JavaThread "Monitor Ctrl-Break" daemon [_thread_in_native, id=28812, stack(0x0000000d91100000,0x0000000d91200000)]
  0x000001190fd15d80 JavaThread "Notification Thread" daemon [_thread_blocked, id=16560, stack(0x0000000d91200000,0x0000000d91300000)]
  0x00000119143a68d0 JavaThread "boundedElastic-evictor-1" daemon [_thread_blocked, id=2580, stack(0x0000000d91d00000,0x0000000d91e00000)]
  0x000001191006b6f0 JavaThread "spring.cloud.inetutils" daemon [_thread_blocked, id=7992, stack(0x0000000d91e00000,0x0000000d91f00000)]
  0x00000119104231f0 JavaThread "catalogWatchTaskScheduler-1" [_thread_blocked, id=23748, stack(0x0000000d91f00000,0x0000000d92000000)]
  0x0000011910424530 JavaThread "boundedElastic-2" daemon [_thread_blocked, id=1592, stack(0x0000000d92200000,0x0000000d92300000)]
  0x00000119104236c0 JavaThread "boundedElastic-4" daemon [_thread_blocked, id=14940, stack(0x0000000d92300000,0x0000000d92400000)]
  0x0000011910423b90 JavaThread "boundedElastic-3" daemon [_thread_blocked, id=27060, stack(0x0000000d92400000,0x0000000d92500000)]
  0x000001191580eee0 JavaThread "boundedElastic-6" daemon [_thread_blocked, id=7684, stack(0x0000000d92600000,0x0000000d92700000)]
  0x00000119158106f0 JavaThread "boundedElastic-7" daemon [_thread_blocked, id=18140, stack(0x0000000d92700000,0x0000000d92800000)]
  0x0000011915810bc0 JavaThread "reactor-http-nio-1" daemon [_thread_in_native, id=16080, stack(0x0000000d92900000,0x0000000d92a00000)]
  0x000001191580e540 JavaThread "server" [_thread_blocked, id=676, stack(0x0000000d92a00000,0x0000000d92b00000)]
  0x0000011915811090 JavaThread "DestroyJavaVM" [_thread_blocked, id=12076, stack(0x0000000d8ff00000,0x0000000d90000000)]
  0x0000011915811560 JavaThread "reactor-http-nio-2" daemon [_thread_in_native, id=12972, stack(0x0000000d91000000,0x0000000d91100000)]
  0x0000011915810220 JavaThread "reactor-http-nio-3" daemon [_thread_in_native, id=20352, stack(0x0000000d92c00000,0x0000000d92d00000)]
  0x00000119158153f0 JavaThread "reactor-http-nio-4" daemon [_thread_in_native, id=9132, stack(0x0000000d92d00000,0x0000000d92e00000)]
  0x000001191580fd50 JavaThread "reactor-http-nio-5" daemon [_thread_in_native, id=12088, stack(0x0000000d92e00000,0x0000000d92f00000)]
  0x00000119158128a0 JavaThread "reactor-http-nio-6" daemon [_thread_in_native, id=28276, stack(0x0000000d92f00000,0x0000000d93000000)]
  0x00000119158158c0 JavaThread "parallel-1" daemon [_thread_blocked, id=23520, stack(0x0000000d93200000,0x0000000d93300000)]
  0x0000011915813be0 JavaThread "pool-5-thread-1" daemon [_thread_blocked, id=23376, stack(0x0000000d93300000,0x0000000d93400000)]
  0x0000011915812d70 JavaThread "reactor-http-nio-7" daemon [_thread_in_native, id=13080, stack(0x0000000d93400000,0x0000000d93500000)]
  0x000001191580f3b0 JavaThread "reactor-http-nio-8" daemon [_thread_in_native, id=28124, stack(0x0000000d93500000,0x0000000d93600000)]
  0x0000011915813240 JavaThread "Thread-12" daemon [_thread_in_native, id=21304, stack(0x0000000d93600000,0x0000000d93700000)]

Other Threads:
  0x000001197fd4e150 VMThread "VM Thread" [stack: 0x0000000d90500000,0x0000000d90600000] [id=27292]
  0x000001190fdc15e0 WatcherThread [stack: 0x0000000d91300000,0x0000000d91400000] [id=21984]
  0x000001196c09c570 GCTaskThread "GC Thread#0" [stack: 0x0000000d90000000,0x0000000d90100000] [id=2932]
  0x00000119105bcb50 GCTaskThread "GC Thread#1" [stack: 0x0000000d91400000,0x0000000d91500000] [id=27440]
  0x00000119104af600 GCTaskThread "GC Thread#2" [stack: 0x0000000d91500000,0x0000000d91600000] [id=13496]
  0x00000119104af8b0 GCTaskThread "GC Thread#3" [stack: 0x0000000d91600000,0x0000000d91700000] [id=17512]
  0x00000119104afb60 GCTaskThread "GC Thread#4" [stack: 0x0000000d91700000,0x0000000d91800000] [id=2008]
  0x00000119104afe10 GCTaskThread "GC Thread#5" [stack: 0x0000000d91800000,0x0000000d91900000] [id=15388]
  0x0000011910364460 GCTaskThread "GC Thread#6" [stack: 0x0000000d91900000,0x0000000d91a00000] [id=3312]
  0x00000119108d4a40 GCTaskThread "GC Thread#7" [stack: 0x0000000d91b00000,0x0000000d91c00000] [id=5040]
  0x000001196c0ad2c0 ConcurrentGCThread "G1 Main Marker" [stack: 0x0000000d90100000,0x0000000d90200000] [id=12908]
  0x000001196c0ade30 ConcurrentGCThread "G1 Conc#0" [stack: 0x0000000d90200000,0x0000000d90300000] [id=22284]
  0x00000119131b0b80 ConcurrentGCThread "G1 Conc#1" [stack: 0x0000000d91c00000,0x0000000d91d00000] [id=25864]
  0x000001196c0ee6f0 ConcurrentGCThread "G1 Refine#0" [stack: 0x0000000d90300000,0x0000000d90400000] [id=22616]
  0x000001197fc06270 ConcurrentGCThread "G1 Service" [stack: 0x0000000d90400000,0x0000000d90500000] [id=29324]

Threads with active compile tasks:
C2 CompilerThread0   232210 7183       4       org.springframework.core.ResolvableType::getGenerics (148 bytes)

VM state: not at safepoint (normal execution)

VM Mutex/Monitor currently owned by a thread: None

Heap address: 0x0000000701e00000, size: 4066 MB, Compressed Oops mode: Zero based, Oop shift amount: 3

CDS archive(s) mapped at: [0x0000000800000000-0x0000000800bd0000-0x0000000800bd0000), size 12386304, SharedBaseAddress: 0x0000000800000000, ArchiveRelocationMode: 0.
Compressed class space mapped at: 0x0000000800c00000-0x0000000840c00000, reserved size: 1073741824
Narrow klass base: 0x0000000800000000, Narrow klass shift: 0, Narrow klass range: 0x100000000

GC Precious Log:
 CPUs: 8 total, 8 available
 Memory: 16258M
 Large Page Support: Disabled
 NUMA Support: Disabled
 Compressed Oops: Enabled (Zero based)
 Heap Region Size: 2M
 Heap Min Capacity: 8M
 Heap Initial Capacity: 256M
 Heap Max Capacity: 4066M
 Pre-touch: Disabled
 Parallel Workers: 8
 Concurrent Workers: 2
 Concurrent Refinement Workers: 8
 Periodic GC: Disabled

Heap:
 garbage-first heap   total 161792K, used 64439K [0x0000000701e00000, 0x0000000800000000)
  region size 2048K, 23 young (47104K), 4 survivors (8192K)
 Metaspace       used 54554K, committed 54976K, reserved 1097728K
  class space    used 7251K, committed 7424K, reserved 1048576K

Heap Regions: E=young(eden), S=young(survivor), O=old, HS=humongous(starts), HC=humongous(continues), CS=collection set, F=free, OA=open archive, CA=closed archive, TAMS=top-at-mark-start (previous, next)
|   0|0x0000000701e00000, 0x0000000702000000, 0x0000000702000000|100%| O|  |TAMS 0x0000000702000000, 0x0000000701e00000| Untracked 
|   1|0x0000000702000000, 0x0000000702200000, 0x0000000702200000|100%| O|  |TAMS 0x0000000702200000, 0x0000000702000000| Untracked 
|   2|0x0000000702200000, 0x0000000702400000, 0x0000000702400000|100%| O|  |TAMS 0x0000000702400000, 0x0000000702200000| Untracked 
|   3|0x0000000702400000, 0x0000000702600000, 0x0000000702600000|100%| O|  |TAMS 0x0000000702575800, 0x0000000702400000| Untracked 
|   4|0x0000000702600000, 0x0000000702800000, 0x0000000702800000|100%| O|  |TAMS 0x0000000702800000, 0x0000000702600000| Untracked 
|   5|0x0000000702800000, 0x0000000702a00000, 0x0000000702a00000|100%| O|  |TAMS 0x0000000702a00000, 0x0000000702800000| Untracked 
|   6|0x0000000702a00000, 0x0000000702c00000, 0x0000000702c00000|100%| O|  |TAMS 0x0000000702c00000, 0x0000000702a00000| Untracked 
|   7|0x0000000702c00000, 0x0000000702e00000, 0x0000000702e00000|100%| O|  |TAMS 0x0000000702e00000, 0x0000000702c00000| Untracked 
|   8|0x0000000702e00000, 0x0000000703000000, 0x0000000703000000|100%| O|  |TAMS 0x0000000702e00000, 0x0000000702e00000| Untracked 
|   9|0x0000000703000000, 0x0000000703200000, 0x0000000703200000|100%| O|  |TAMS 0x0000000703000000, 0x0000000703000000| Untracked 
|  10|0x0000000703200000, 0x00000007033d9400, 0x0000000703400000| 92%| O|  |TAMS 0x0000000703200000, 0x0000000703200000| Untracked 
|  11|0x0000000703400000, 0x0000000703400000, 0x0000000703600000|  0%| F|  |TAMS 0x0000000703400000, 0x0000000703400000| Untracked 
|  12|0x0000000703600000, 0x0000000703600000, 0x0000000703800000|  0%| F|  |TAMS 0x0000000703600000, 0x0000000703600000| Untracked 
|  13|0x0000000703800000, 0x0000000703800000, 0x0000000703a00000|  0%| F|  |TAMS 0x0000000703800000, 0x0000000703800000| Untracked 
|  14|0x0000000703a00000, 0x0000000703a00000, 0x0000000703c00000|  0%| F|  |TAMS 0x0000000703a00000, 0x0000000703a00000| Untracked 
|  15|0x0000000703c00000, 0x0000000703c00000, 0x0000000703e00000|  0%| F|  |TAMS 0x0000000703c00000, 0x0000000703c00000| Untracked 
|  16|0x0000000703e00000, 0x0000000703e00000, 0x0000000704000000|  0%| F|  |TAMS 0x0000000703e00000, 0x0000000703e00000| Untracked 
|  17|0x0000000704000000, 0x0000000704000000, 0x0000000704200000|  0%| F|  |TAMS 0x0000000704000000, 0x0000000704000000| Untracked 
|  18|0x0000000704200000, 0x0000000704200000, 0x0000000704400000|  0%| F|  |TAMS 0x0000000704200000, 0x0000000704200000| Untracked 
|  19|0x0000000704400000, 0x0000000704400000, 0x0000000704600000|  0%| F|  |TAMS 0x0000000704400000, 0x0000000704400000| Untracked 
|  20|0x0000000704600000, 0x0000000704600000, 0x0000000704800000|  0%| F|  |TAMS 0x0000000704600000, 0x0000000704600000| Untracked 
|  21|0x0000000704800000, 0x0000000704800000, 0x0000000704a00000|  0%| F|  |TAMS 0x0000000704800000, 0x0000000704800000| Untracked 
|  22|0x0000000704a00000, 0x0000000704a00000, 0x0000000704c00000|  0%| F|  |TAMS 0x0000000704a00000, 0x0000000704a00000| Untracked 
|  23|0x0000000704c00000, 0x0000000704c00000, 0x0000000704e00000|  0%| F|  |TAMS 0x0000000704c00000, 0x0000000704c00000| Untracked 
|  24|0x0000000704e00000, 0x0000000704e00000, 0x0000000705000000|  0%| F|  |TAMS 0x0000000704e00000, 0x0000000704e00000| Untracked 
|  25|0x0000000705000000, 0x0000000705000000, 0x0000000705200000|  0%| F|  |TAMS 0x0000000705000000, 0x0000000705000000| Untracked 
|  26|0x0000000705200000, 0x0000000705200000, 0x0000000705400000|  0%| F|  |TAMS 0x0000000705200000, 0x0000000705200000| Untracked 
|  27|0x0000000705400000, 0x0000000705400000, 0x0000000705600000|  0%| F|  |TAMS 0x0000000705400000, 0x0000000705400000| Untracked 
|  28|0x0000000705600000, 0x0000000705600000, 0x0000000705800000|  0%| F|  |TAMS 0x0000000705600000, 0x0000000705600000| Untracked 
|  29|0x0000000705800000, 0x0000000705800000, 0x0000000705a00000|  0%| F|  |TAMS 0x0000000705800000, 0x0000000705800000| Untracked 
|  30|0x0000000705a00000, 0x0000000705b14af0, 0x0000000705c00000| 54%| S|CS|TAMS 0x0000000705a00000, 0x0000000705a00000| Complete 
|  31|0x0000000705c00000, 0x0000000705e00000, 0x0000000705e00000|100%| S|CS|TAMS 0x0000000705c00000, 0x0000000705c00000| Complete 
|  32|0x0000000705e00000, 0x0000000706000000, 0x0000000706000000|100%| S|CS|TAMS 0x0000000705e00000, 0x0000000705e00000| Complete 
|  33|0x0000000706000000, 0x0000000706200000, 0x0000000706200000|100%| S|CS|TAMS 0x0000000706000000, 0x0000000706000000| Complete 
|  34|0x0000000706200000, 0x0000000706200000, 0x0000000706400000|  0%| F|  |TAMS 0x0000000706200000, 0x0000000706200000| Untracked 
|  35|0x0000000706400000, 0x0000000706400000, 0x0000000706600000|  0%| F|  |TAMS 0x0000000706400000, 0x0000000706400000| Untracked 
|  36|0x0000000706600000, 0x0000000706600000, 0x0000000706800000|  0%| F|  |TAMS 0x0000000706600000, 0x0000000706600000| Untracked 
|  37|0x0000000706800000, 0x0000000706800000, 0x0000000706a00000|  0%| F|  |TAMS 0x0000000706800000, 0x0000000706800000| Untracked 
|  38|0x0000000706a00000, 0x0000000706a00000, 0x0000000706c00000|  0%| F|  |TAMS 0x0000000706a00000, 0x0000000706a00000| Untracked 
|  39|0x0000000706c00000, 0x0000000706c00000, 0x0000000706e00000|  0%| F|  |TAMS 0x0000000706c00000, 0x0000000706c00000| Untracked 
|  40|0x0000000706e00000, 0x0000000706e00000, 0x0000000707000000|  0%| F|  |TAMS 0x0000000706e00000, 0x0000000706e00000| Untracked 
|  41|0x0000000707000000, 0x0000000707000000, 0x0000000707200000|  0%| F|  |TAMS 0x0000000707000000, 0x0000000707000000| Untracked 
|  42|0x0000000707200000, 0x0000000707200000, 0x0000000707400000|  0%| F|  |TAMS 0x0000000707200000, 0x0000000707200000| Untracked 
|  43|0x0000000707400000, 0x0000000707400000, 0x0000000707600000|  0%| F|  |TAMS 0x0000000707400000, 0x0000000707400000| Untracked 
|  44|0x0000000707600000, 0x0000000707600000, 0x0000000707800000|  0%| F|  |TAMS 0x0000000707600000, 0x0000000707600000| Untracked 
|  45|0x0000000707800000, 0x0000000707800000, 0x0000000707a00000|  0%| F|  |TAMS 0x0000000707800000, 0x0000000707800000| Untracked 
|  46|0x0000000707a00000, 0x0000000707a00000, 0x0000000707c00000|  0%| F|  |TAMS 0x0000000707a00000, 0x0000000707a00000| Untracked 
|  47|0x0000000707c00000, 0x0000000707c00000, 0x0000000707e00000|  0%| F|  |TAMS 0x0000000707c00000, 0x0000000707c00000| Untracked 
|  48|0x0000000707e00000, 0x0000000707e00000, 0x0000000708000000|  0%| F|  |TAMS 0x0000000707e00000, 0x0000000707e00000| Untracked 
|  49|0x0000000708000000, 0x0000000708000000, 0x0000000708200000|  0%| F|  |TAMS 0x0000000708000000, 0x0000000708000000| Untracked 
|  50|0x0000000708200000, 0x0000000708200000, 0x0000000708400000|  0%| F|  |TAMS 0x0000000708200000, 0x0000000708200000| Untracked 
|  51|0x0000000708400000, 0x0000000708400000, 0x0000000708600000|  0%| F|  |TAMS 0x0000000708400000, 0x0000000708400000| Untracked 
|  52|0x0000000708600000, 0x0000000708600000, 0x0000000708800000|  0%| F|  |TAMS 0x0000000708600000, 0x0000000708600000| Untracked 
|  53|0x0000000708800000, 0x0000000708800000, 0x0000000708a00000|  0%| F|  |TAMS 0x0000000708800000, 0x0000000708800000| Untracked 
|  54|0x0000000708a00000, 0x0000000708a00000, 0x0000000708c00000|  0%| F|  |TAMS 0x0000000708a00000, 0x0000000708a00000| Untracked 
|  55|0x0000000708c00000, 0x0000000708c00000, 0x0000000708e00000|  0%| F|  |TAMS 0x0000000708c00000, 0x0000000708c00000| Untracked 
|  56|0x0000000708e00000, 0x0000000708e00000, 0x0000000709000000|  0%| F|  |TAMS 0x0000000708e00000, 0x0000000708e00000| Untracked 
|  57|0x0000000709000000, 0x0000000709000000, 0x0000000709200000|  0%| F|  |TAMS 0x0000000709000000, 0x0000000709000000| Untracked 
|  58|0x0000000709200000, 0x0000000709200000, 0x0000000709400000|  0%| F|  |TAMS 0x0000000709200000, 0x0000000709200000| Untracked 
|  59|0x0000000709400000, 0x0000000709400000, 0x0000000709600000|  0%| F|  |TAMS 0x0000000709400000, 0x0000000709400000| Untracked 
|  60|0x0000000709600000, 0x0000000709649e50, 0x0000000709800000| 14%| E|  |TAMS 0x0000000709600000, 0x0000000709600000| Complete 
|  61|0x0000000709800000, 0x0000000709a00000, 0x0000000709a00000|100%| E|CS|TAMS 0x0000000709800000, 0x0000000709800000| Complete 
|  62|0x0000000709a00000, 0x0000000709c00000, 0x0000000709c00000|100%| E|CS|TAMS 0x0000000709a00000, 0x0000000709a00000| Complete 
|  63|0x0000000709c00000, 0x0000000709e00000, 0x0000000709e00000|100%| E|CS|TAMS 0x0000000709c00000, 0x0000000709c00000| Complete 
|  64|0x0000000709e00000, 0x000000070a000000, 0x000000070a000000|100%| E|CS|TAMS 0x0000000709e00000, 0x0000000709e00000| Complete 
|  65|0x000000070a000000, 0x000000070a200000, 0x000000070a200000|100%| E|  |TAMS 0x000000070a000000, 0x000000070a000000| Complete 
|  66|0x000000070a200000, 0x000000070a400000, 0x000000070a400000|100%| E|CS|TAMS 0x000000070a200000, 0x000000070a200000| Complete 
|  67|0x000000070a400000, 0x000000070a600000, 0x000000070a600000|100%| E|CS|TAMS 0x000000070a400000, 0x000000070a400000| Complete 
|  68|0x000000070a600000, 0x000000070a800000, 0x000000070a800000|100%| E|CS|TAMS 0x000000070a600000, 0x000000070a600000| Complete 
|  69|0x000000070a800000, 0x000000070aa00000, 0x000000070aa00000|100%| E|CS|TAMS 0x000000070a800000, 0x000000070a800000| Complete 
|  70|0x000000070aa00000, 0x000000070ac00000, 0x000000070ac00000|100%| E|CS|TAMS 0x000000070aa00000, 0x000000070aa00000| Complete 
|  71|0x000000070ac00000, 0x000000070ae00000, 0x000000070ae00000|100%| E|CS|TAMS 0x000000070ac00000, 0x000000070ac00000| Complete 
|  72|0x000000070ae00000, 0x000000070b000000, 0x000000070b000000|100%| E|CS|TAMS 0x000000070ae00000, 0x000000070ae00000| Complete 
|  73|0x000000070b000000, 0x000000070b200000, 0x000000070b200000|100%| E|CS|TAMS 0x000000070b000000, 0x000000070b000000| Complete 
|  96|0x000000070de00000, 0x000000070e000000, 0x000000070e000000|100%| E|CS|TAMS 0x000000070de00000, 0x000000070de00000| Complete 
|  97|0x000000070e000000, 0x000000070e200000, 0x000000070e200000|100%| E|CS|TAMS 0x000000070e000000, 0x000000070e000000| Complete 
|  98|0x000000070e200000, 0x000000070e400000, 0x000000070e400000|100%| E|CS|TAMS 0x000000070e200000, 0x000000070e200000| Complete 
| 126|0x0000000711a00000, 0x0000000711c00000, 0x0000000711c00000|100%| E|CS|TAMS 0x0000000711a00000, 0x0000000711a00000| Complete 
| 127|0x0000000711c00000, 0x0000000711e00000, 0x0000000711e00000|100%| E|CS|TAMS 0x0000000711c00000, 0x0000000711c00000| Complete 

Card table byte_map: [0x00000119743c0000,0x0000011974bc0000] _byte_map_base: 0x0000011970bb1000

Marking Bits (Prev, Next): (CMBitMap*) 0x000001196c09cb80, (CMBitMap*) 0x000001196c09cbc0
 Prev Bits: [0x00000119753c0000, 0x0000011979348000)
 Next Bits: [0x0000011979350000, 0x000001197d2d8000)

Polling page: 0x0000011969f90000

Metaspace:

Usage:
  Non-class:     46.19 MB used.
      Class:      7.08 MB used.
       Both:     53.28 MB used.

Virtual space:
  Non-class space:       48.00 MB reserved,      46.44 MB ( 97%) committed,  6 nodes.
      Class space:        1.00 GB reserved,       7.25 MB ( <1%) committed,  1 nodes.
             Both:        1.05 GB reserved,      53.69 MB (  5%) committed. 

Chunk freelists:
   Non-Class:  1.30 MB
       Class:  648.00 KB
        Both:  1.93 MB

MaxMetaspaceSize: unlimited
CompressedClassSpaceSize: 1.00 GB
Initial GC threshold: 21.00 MB
Current GC threshold: 58.69 MB
CDS: on
MetaspaceReclaimPolicy: balanced
 - commit_granule_bytes: 65536.
 - commit_granule_words: 8192.
 - virtual_space_node_default_size: 1048576.
 - enlarge_chunks_in_place: 1.
 - new_chunks_are_fully_committed: 0.
 - uncommit_free_chunks: 1.
 - use_allocation_guard: 0.
 - handle_deallocations: 1.


Internal statistics:

num_allocs_failed_limit: 6.
num_arena_births: 520.
num_arena_deaths: 0.
num_vsnodes_births: 7.
num_vsnodes_deaths: 0.
num_space_committed: 859.
num_space_uncommitted: 0.
num_chunks_returned_to_freelist: 6.
num_chunks_taken_from_freelist: 2486.
num_chunk_merges: 3.
num_chunk_splits: 1722.
num_chunks_enlarged: 1349.
num_purges: 0.
num_inconsistent_stats: 0.

CodeHeap 'non-profiled nmethods': size=120000Kb used=5272Kb max_used=5272Kb free=114727Kb
 bounds [0x0000011907ad0000, 0x0000011908000000, 0x000001190f000000]
CodeHeap 'profiled nmethods': size=120000Kb used=13473Kb max_used=13473Kb free=106526Kb
 bounds [0x00000119005a0000, 0x00000119012d0000, 0x0000011907ad0000]
CodeHeap 'non-nmethods': size=5760Kb used=1300Kb max_used=1391Kb free=4459Kb
 bounds [0x0000011900000000, 0x0000011900270000, 0x00000119005a0000]
 total_blobs=7065 nmethods=6438 adapters=537
 compilation: enabled
              stopped_count=0, restarted_count=0
 full_count=0

Compilation events (20 events):
Event: 232.144 Thread 0x000001190f86f410 nmethod 7177 0x00000119012bd490 code [0x00000119012bd6c0, 0x00000119012be008]
Event: 232.144 Thread 0x000001190f86f410 7179       3       io.netty.handler.codec.http.HttpObjectDecoder::findNonWhitespace (84 bytes)
Event: 232.144 Thread 0x000001190f86f410 nmethod 7179 0x00000119012be310 code [0x00000119012be5c0, 0x00000119012bf138]
Event: 232.144 Thread 0x000001190f86f410 7178       3       java.lang.invoke.VarHandleGuards::guard_LJJ_Z (88 bytes)
Event: 232.145 Thread 0x000001190f800820 7183       4       org.springframework.core.ResolvableType::getGenerics (148 bytes)
Event: 232.145 Thread 0x000001190f86f410 nmethod 7178 0x00000119012bf610 code [0x00000119012bf960, 0x00000119012c1808]
Event: 232.145 Thread 0x000001190f86f410 7182       3       java.util.concurrent.ScheduledThreadPoolExecutor::triggerTime (22 bytes)
Event: 232.145 Thread 0x000001190f86f410 nmethod 7182 0x00000119012c2090 code [0x00000119012c2240, 0x00000119012c2428]
Event: 232.146 Thread 0x000001190f86f410 7180       3       org.springframework.http.HttpRequest::getMethod (10 bytes)
Event: 232.146 Thread 0x000001190f86f410 nmethod 7180 0x00000119012c2510 code [0x00000119012c2700, 0x00000119012c2c18]
Event: 232.146 Thread 0x000001190f86f410 7184       3       reactor.core.publisher.Operators$MultiSubscriptionSubscriber::producedOne (98 bytes)
Event: 232.146 Thread 0x000001190f86f410 nmethod 7184 0x00000119012c2d90 code [0x00000119012c3020, 0x00000119012c39c8]
Event: 232.146 Thread 0x000001190f86f410 7185       3       reactor.core.publisher.FluxOnErrorResume$ResumeSubscriber::onNext (22 bytes)
Event: 232.147 Thread 0x000001190f86f410 nmethod 7185 0x00000119012c3d10 code [0x00000119012c3ec0, 0x00000119012c4118]
Event: 232.148 Thread 0x000001190f86f410 7186       3       reactor.core.publisher.MonoFromFluxOperator::<init> (41 bytes)
Event: 232.148 Thread 0x000001190f86f410 nmethod 7186 0x00000119012c4210 code [0x00000119012c4400, 0x00000119012c4aa8]
Event: 232.148 Thread 0x000001190f86f410 7187       3       io.netty.buffer.AbstractByteBuf::ensureWritable0 (150 bytes)
Event: 232.149 Thread 0x000001190f86f410 nmethod 7187 0x00000119012c4c10 code [0x00000119012c5000, 0x00000119012c72e8]
Event: 232.149 Thread 0x000001190f86f410 7188       3       java.util.concurrent.atomic.LongAdder::add (96 bytes)
Event: 232.150 Thread 0x000001190f86f410 nmethod 7188 0x00000119012c7c90 code [0x00000119012c7e80, 0x00000119012c8438]

GC Heap History (20 events):
Event: 2.172 GC heap before
{Heap before GC invocations=1 (full 0):
 garbage-first heap   total 262144K, used 31132K [0x0000000701e00000, 0x0000000800000000)
  region size 2048K, 14 young (28672K), 2 survivors (4096K)
 Metaspace       used 11346K, committed 11520K, reserved 1064960K
  class space    used 1459K, committed 1536K, reserved 1048576K
}
Event: 2.180 GC heap after
{Heap after GC invocations=2 (full 0):
 garbage-first heap   total 262144K, used 8684K [0x0000000701e00000, 0x0000000800000000)
  region size 2048K, 1 young (2048K), 1 survivors (2048K)
 Metaspace       used 11346K, committed 11520K, reserved 1064960K
  class space    used 1459K, committed 1536K, reserved 1048576K
}
Event: 3.989 GC heap before
{Heap before GC invocations=2 (full 0):
 garbage-first heap   total 262144K, used 63980K [0x0000000701e00000, 0x0000000800000000)
  region size 2048K, 29 young (59392K), 1 survivors (2048K)
 Metaspace       used 21257K, committed 21504K, reserved 1073152K
  class space    used 2700K, committed 2816K, reserved 1048576K
}
Event: 3.997 GC heap after
{Heap after GC invocations=3 (full 0):
 garbage-first heap   total 262144K, used 12543K [0x0000000701e00000, 0x0000000800000000)
  region size 2048K, 3 young (6144K), 3 survivors (6144K)
 Metaspace       used 21257K, committed 21504K, reserved 1073152K
  class space    used 2700K, committed 2816K, reserved 1048576K
}
Event: 4.962 GC heap before
{Heap before GC invocations=4 (full 0):
 garbage-first heap   total 61440K, used 43263K [0x0000000701e00000, 0x0000000800000000)
  region size 2048K, 18 young (36864K), 3 survivors (6144K)
 Metaspace       used 23118K, committed 23360K, reserved 1073152K
  class space    used 2958K, committed 3072K, reserved 1048576K
}
Event: 4.970 GC heap after
{Heap after GC invocations=5 (full 0):
 garbage-first heap   total 61440K, used 13828K [0x0000000701e00000, 0x0000000800000000)
  region size 2048K, 2 young (4096K), 2 survivors (4096K)
 Metaspace       used 23118K, committed 23360K, reserved 1073152K
  class space    used 2958K, committed 3072K, reserved 1048576K
}
Event: 5.053 GC heap before
{Heap before GC invocations=5 (full 0):
 garbage-first heap   total 61440K, used 15876K [0x0000000701e00000, 0x0000000800000000)
  region size 2048K, 3 young (6144K), 2 survivors (4096K)
 Metaspace       used 23300K, committed 23552K, reserved 1073152K
  class space    used 2983K, committed 3072K, reserved 1048576K
}
Event: 5.058 GC heap after
{Heap after GC invocations=6 (full 0):
 garbage-first heap   total 61440K, used 14002K [0x0000000701e00000, 0x0000000800000000)
  region size 2048K, 1 young (2048K), 1 survivors (2048K)
 Metaspace       used 23300K, committed 23552K, reserved 1073152K
  class space    used 2983K, committed 3072K, reserved 1048576K
}
Event: 6.396 GC heap before
{Heap before GC invocations=6 (full 0):
 garbage-first heap   total 61440K, used 40626K [0x0000000701e00000, 0x0000000800000000)
  region size 2048K, 14 young (28672K), 1 survivors (2048K)
 Metaspace       used 26487K, committed 26752K, reserved 1073152K
  class space    used 3459K, committed 3584K, reserved 1048576K
}
Event: 6.407 GC heap after
{Heap after GC invocations=7 (full 0):
 garbage-first heap   total 61440K, used 15902K [0x0000000701e00000, 0x0000000800000000)
  region size 2048K, 2 young (4096K), 2 survivors (4096K)
 Metaspace       used 26487K, committed 26752K, reserved 1073152K
  class space    used 3459K, committed 3584K, reserved 1048576K
}
Event: 7.376 GC heap before
{Heap before GC invocations=7 (full 0):
 garbage-first heap   total 61440K, used 40478K [0x0000000701e00000, 0x0000000800000000)
  region size 2048K, 14 young (28672K), 2 survivors (4096K)
 Metaspace       used 32242K, committed 32512K, reserved 1081344K
  class space    used 4218K, committed 4352K, reserved 1048576K
}
Event: 7.387 GC heap after
{Heap after GC invocations=8 (full 0):
 garbage-first heap   total 61440K, used 17833K [0x0000000701e00000, 0x0000000800000000)
  region size 2048K, 1 young (2048K), 1 survivors (2048K)
 Metaspace       used 32242K, committed 32512K, reserved 1081344K
  class space    used 4218K, committed 4352K, reserved 1048576K
}
Event: 8.080 GC heap before
{Heap before GC invocations=8 (full 0):
 garbage-first heap   total 61440K, used 34217K [0x0000000701e00000, 0x0000000800000000)
  region size 2048K, 11 young (22528K), 1 survivors (2048K)
 Metaspace       used 35668K, committed 35968K, reserved 1081344K
  class space    used 4635K, committed 4800K, reserved 1048576K
}
Event: 8.091 GC heap after
{Heap after GC invocations=9 (full 0):
 garbage-first heap   total 61440K, used 19926K [0x0000000701e00000, 0x0000000800000000)
  region size 2048K, 2 young (4096K), 2 survivors (4096K)
 Metaspace       used 35668K, committed 35968K, reserved 1081344K
  class space    used 4635K, committed 4800K, reserved 1048576K
}
Event: 9.549 GC heap before
{Heap before GC invocations=10 (full 0):
 garbage-first heap   total 61440K, used 44502K [0x0000000701e00000, 0x0000000800000000)
  region size 2048K, 14 young (28672K), 2 survivors (4096K)
 Metaspace       used 38172K, committed 38464K, reserved 1089536K
  class space    used 5006K, committed 5120K, reserved 1048576K
}
Event: 9.564 GC heap after
{Heap after GC invocations=11 (full 0):
 garbage-first heap   total 61440K, used 22593K [0x0000000701e00000, 0x0000000800000000)
  region size 2048K, 2 young (4096K), 2 survivors (4096K)
 Metaspace       used 38172K, committed 38464K, reserved 1089536K
  class space    used 5006K, committed 5120K, reserved 1048576K
}
Event: 10.358 GC heap before
{Heap before GC invocations=11 (full 0):
 garbage-first heap   total 61440K, used 45121K [0x0000000701e00000, 0x0000000800000000)
  region size 2048K, 13 young (26624K), 2 survivors (4096K)
 Metaspace       used 39588K, committed 39936K, reserved 1089536K
  class space    used 5188K, committed 5376K, reserved 1048576K
}
Event: 10.366 GC heap after
{Heap after GC invocations=12 (full 0):
 garbage-first heap   total 161792K, used 23743K [0x0000000701e00000, 0x0000000800000000)
  region size 2048K, 1 young (2048K), 1 survivors (2048K)
 Metaspace       used 39588K, committed 39936K, reserved 1089536K
  class space    used 5188K, committed 5376K, reserved 1048576K
}
Event: 12.183 GC heap before
{Heap before GC invocations=12 (full 0):
 garbage-first heap   total 161792K, used 115903K [0x0000000701e00000, 0x0000000800000000)
  region size 2048K, 46 young (94208K), 1 survivors (2048K)
 Metaspace       used 48340K, committed 48704K, reserved 1097728K
  class space    used 6417K, committed 6592K, reserved 1048576K
}
Event: 12.191 GC heap after
{Heap after GC invocations=13 (full 0):
 garbage-first heap   total 161792K, used 29623K [0x0000000701e00000, 0x0000000800000000)
  region size 2048K, 4 young (8192K), 4 survivors (8192K)
 Metaspace       used 48340K, committed 48704K, reserved 1097728K
  class space    used 6417K, committed 6592K, reserved 1048576K
}

Deoptimization events (20 events):
Event: 57.385 Thread 0x000001191580f3b0 DEOPT PACKING pc=0x0000011907f11504 sp=0x0000000d935fe110
Event: 57.385 Thread 0x000001191580f3b0 DEOPT UNPACKING pc=0x00000119000523a3 sp=0x0000000d935fe110 mode 2
Event: 57.386 Thread 0x000001191580f3b0 Uncommon trap: trap_request=0xffffff45 fr.pc=0x0000011907b78124 relative=0x0000000000000e44
Event: 57.386 Thread 0x000001191580f3b0 Uncommon trap: reason=unstable_if action=reinterpret pc=0x0000011907b78124 method=java.util.concurrent.ConcurrentHashMap$CollectionView.toArray([Ljava/lang/Object;)[Ljava/lang/Object; @ 34 c2
Event: 57.386 Thread 0x000001191580f3b0 DEOPT PACKING pc=0x0000011907b78124 sp=0x0000000d935fe430
Event: 57.386 Thread 0x000001191580f3b0 DEOPT UNPACKING pc=0x00000119000523a3 sp=0x0000000d935fe3e8 mode 2
Event: 57.386 Thread 0x0000011915812d70 Uncommon trap: trap_request=0xffffffde fr.pc=0x0000011907f11504 relative=0x00000000000090c4
Event: 57.386 Thread 0x0000011915812d70 Uncommon trap: reason=class_check action=maybe_recompile pc=0x0000011907f11504 method=java.lang.Class.createAnnotationData(I)Ljava/lang/Class$AnnotationData; @ 152 c2
Event: 57.386 Thread 0x0000011915812d70 DEOPT PACKING pc=0x0000011907f11504 sp=0x0000000d934fe570
Event: 57.386 Thread 0x0000011915812d70 DEOPT UNPACKING pc=0x00000119000523a3 sp=0x0000000d934fe570 mode 2
Event: 57.405 Thread 0x000001191580f3b0 Uncommon trap: trap_request=0xffffffde fr.pc=0x0000011907d5eec0 relative=0x0000000000000700
Event: 57.405 Thread 0x000001191580f3b0 Uncommon trap: reason=class_check action=maybe_recompile pc=0x0000011907d5eec0 method=java.lang.AbstractStringBuilder.<init>(Ljava/lang/String;)V @ 58 c2
Event: 57.405 Thread 0x000001191580f3b0 DEOPT PACKING pc=0x0000011907d5eec0 sp=0x0000000d935fe390
Event: 57.405 Thread 0x000001191580f3b0 DEOPT UNPACKING pc=0x00000119000523a3 sp=0x0000000d935fe360 mode 2
Event: 57.609 Thread 0x000001191580f3b0 Uncommon trap: trap_request=0xffffff66 fr.pc=0x0000011907da7c64 relative=0x00000000000032a4
Event: 57.609 Thread 0x000001191580f3b0 Uncommon trap: reason=speculate_class_check action=maybe_recompile pc=0x0000011907da7c64 method=java.util.function.BiPredicate.lambda$or$2(Ljava/util/function/BiPredicate;Ljava/lang/Object;Ljava/lang/Object;)Z @ 3 c2
Event: 57.609 Thread 0x000001191580f3b0 DEOPT PACKING pc=0x0000011907da7c64 sp=0x0000000d935fdf40
Event: 57.610 Thread 0x000001191580f3b0 DEOPT UNPACKING pc=0x00000119000523a3 sp=0x0000000d935fdef8 mode 2
Event: 74.459 Thread 0x00000119104231f0 DEOPT PACKING pc=0x0000011901070100 sp=0x0000000d91ffea40
Event: 74.459 Thread 0x00000119104231f0 DEOPT UNPACKING pc=0x0000011900052b43 sp=0x0000000d91ffdf48 mode 0

Classes unloaded (0 events):
No events

Classes redefined (0 events):
No events

Internal exceptions (20 events):
Event: 21.720 Thread 0x0000011915811560 Exception <a 'java/lang/NoSuchMethodError'{0x000000070afc8fd0}: 'java.lang.Object java.lang.invoke.Invokers$Holder.linkToTargetMethod(java.lang.Object, java.lang.Object, java.lang.Object, int, java.lang.Object, java.lang.Object)'> (0x000000070afc8fd0) 
thrown [s\open\src\hotspot\share\interpreter\linkResolver.cpp, line 759]
Event: 21.799 Thread 0x0000011910426210 Exception <a 'java/lang/NoSuchMethodError'{0x000000070ab080c0}: 'void java.lang.invoke.DirectMethodHandle$Holder.invokeSpecialIFC(java.lang.Object, java.lang.Object, java.lang.Object, java.lang.Object)'> (0x000000070ab080c0) 
thrown [s\open\src\hotspot\share\interpreter\linkResolver.cpp, line 759]
Event: 57.016 Thread 0x00000119158128a0 Exception <a 'java/lang/reflect/InvocationTargetException'{0x000000070a6b1640}> (0x000000070a6b1640) 
thrown [s\open\src\hotspot\share\runtime\reflection.cpp, line 1121]
Event: 57.097 Thread 0x00000119158128a0 Exception <a 'java/lang/NoSuchMethodError'{0x000000070a438b98}: 'int java.lang.invoke.DirectMethodHandle$Holder.invokeStatic(java.lang.Object, java.lang.Object, java.lang.Object, java.lang.Object, java.lang.Object)'> (0x000000070a438b98) 
thrown [s\open\src\hotspot\share\interpreter\linkResolver.cpp, line 759]
Event: 57.102 Thread 0x00000119158128a0 Exception <a 'java/lang/NoSuchMethodError'{0x000000070a4a4e78}: 'void java.lang.invoke.DirectMethodHandle$Holder.invokeSpecial(java.lang.Object, java.lang.Object, java.lang.Object, java.lang.Object, java.lang.Object, java.lang.Object, java.lang.Object, java.lang.Object)'> (0x000000070a4a4e78) 
thrown [s\open\src\hotspot\share\interpreter\linkResolver.cpp, line 759]
Event: 57.103 Thread 0x00000119158128a0 Exception <a 'java/lang/NoSuchMethodError'{0x000000070a4afdf8}: 'java.lang.Object java.lang.invoke.DirectMethodHandle$Holder.newInvokeSpecial(java.lang.Object, java.lang.Object, java.lang.Object, java.lang.Object, java.lang.Object, java.lang.Object, java.lang.Object)'> (0x000000070a4afdf8) 
thrown [s\open\src\hotspot\share\interpreter\linkResolver.cpp, line 759]
Event: 57.105 Thread 0x00000119158128a0 Exception <a 'java/lang/NoSuchMethodError'{0x000000070a4b4ac8}: 'java.lang.Object java.lang.invoke.Invokers$Holder.linkToTargetMethod(java.lang.Object, java.lang.Object, java.lang.Object, java.lang.Object, java.lang.Object, java.lang.Object, java.lang.Object)'> (0x000000070a4b4ac8) 
thrown [s\open\src\hotspot\share\interpreter\linkResolver.cpp, line 759]
Event: 57.106 Thread 0x00000119158128a0 Exception <a 'java/lang/NoSuchMethodError'{0x000000070a4bd3f8}: 'void java.lang.invoke.DirectMethodHandle$Holder.invokeSpecial(java.lang.Object, java.lang.Object, java.lang.Object, java.lang.Object, java.lang.Object, java.lang.Object, java.lang.Object)'> (0x000000070a4bd3f8) 
thrown [s\open\src\hotspot\share\interpreter\linkResolver.cpp, line 759]
Event: 57.170 Thread 0x00000119104236c0 Exception <a 'java/lang/NoSuchMethodError'{0x000000070a232b50}: 'java.lang.Object java.lang.invoke.DirectMethodHandle$Holder.newInvokeSpecial(java.lang.Object, java.lang.Object, java.lang.Object, int)'> (0x000000070a232b50) 
thrown [s\open\src\hotspot\share\interpreter\linkResolver.cpp, line 759]
Event: 57.170 Thread 0x00000119104236c0 Exception <a 'java/lang/NoSuchMethodError'{0x000000070a237388}: 'java.lang.Object java.lang.invoke.DirectMethodHandle$Holder.invokeSpecial(java.lang.Object, java.lang.Object, java.lang.Object, java.lang.Object, int)'> (0x000000070a237388) 
thrown [s\open\src\hotspot\share\interpreter\linkResolver.cpp, line 759]
Event: 57.170 Thread 0x00000119104236c0 Exception <a 'java/lang/NoSuchMethodError'{0x000000070a23b4a0}: 'java.lang.Object java.lang.invoke.Invokers$Holder.linkToTargetMethod(java.lang.Object, java.lang.Object, int, java.lang.Object)'> (0x000000070a23b4a0) 
thrown [s\open\src\hotspot\share\interpreter\linkResolver.cpp, line 759]
Event: 57.204 Thread 0x00000119104236c0 Exception <a 'java/io/FileNotFoundException'{0x000000070a062ef8}> (0x000000070a062ef8) 
thrown [s\open\src\hotspot\share\prims\jni.cpp, line 516]
Event: 57.253 Thread 0x00000119104236c0 Exception <a 'sun/nio/fs/WindowsException'{0x000000070a0fe760}> (0x000000070a0fe760) 
thrown [s\open\src\hotspot\share\prims\jni.cpp, line 516]
Event: 57.310 Thread 0x00000119104236c0 Implicit null exception at 0x0000011907ca8d6c to 0x0000011907ca8e14
Event: 57.333 Thread 0x00000119104236c0 Exception <a 'java/lang/NoSuchMethodError'{0x0000000709e50280}: 'java.lang.Object java.lang.invoke.DirectMethodHandle$Holder.newInvokeSpecial(java.lang.Object, java.lang.Object, long, java.lang.Object)'> (0x0000000709e50280) 
thrown [s\open\src\hotspot\share\interpreter\linkResolver.cpp, line 759]
Event: 57.334 Thread 0x00000119104236c0 Exception <a 'java/lang/NoSuchMethodError'{0x0000000709e54628}: 'java.lang.Object java.lang.invoke.DirectMethodHandle$Holder.invokeSpecial(java.lang.Object, java.lang.Object, java.lang.Object, long, java.lang.Object)'> (0x0000000709e54628) 
thrown [s\open\src\hotspot\share\interpreter\linkResolver.cpp, line 759]
Event: 57.334 Thread 0x00000119104236c0 Exception <a 'java/lang/NoSuchMethodError'{0x0000000709e58748}: 'java.lang.Object java.lang.invoke.Invokers$Holder.linkToTargetMethod(java.lang.Object, long, java.lang.Object, java.lang.Object)'> (0x0000000709e58748) 
thrown [s\open\src\hotspot\share\interpreter\linkResolver.cpp, line 759]
Event: 57.409 Thread 0x000001191580f3b0 Exception <a 'java/lang/NoSuchMethodError'{0x0000000709ff4b30}: 'java.lang.Object java.lang.invoke.Invokers$Holder.linkToTargetMethod(java.lang.Object, int, java.lang.Object, java.lang.Object, java.lang.Object, java.lang.Object)'> (0x0000000709ff4b30) 
thrown [s\open\src\hotspot\share\interpreter\linkResolver.cpp, line 759]
Event: 57.410 Thread 0x000001191580f3b0 Exception <a 'java/lang/NoSuchMethodError'{0x0000000709ff85c8}: 'java.lang.Object java.lang.invoke.DirectMethodHandle$Holder.invokeStatic(java.lang.Object, java.lang.Object, java.lang.Object, int, java.lang.Object, java.lang.Object)'> (0x0000000709ff85c8) 
thrown [s\open\src\hotspot\share\interpreter\linkResolver.cpp, line 759]
Event: 57.597 Thread 0x000001191580f3b0 Exception <a 'java/lang/NoSuchMethodError'{0x0000000709d2bc50}: 'void java.lang.invoke.DirectMethodHandle$Holder.invokeStaticInit(java.lang.Object)'> (0x0000000709d2bc50) 
thrown [s\open\src\hotspot\share\interpreter\linkResolver.cpp, line 759]

VM Operations (20 events):
Event: 172.532 Executing VM operation: Cleanup
Event: 172.532 Executing VM operation: Cleanup done
Event: 174.545 Executing VM operation: Cleanup
Event: 174.545 Executing VM operation: Cleanup done
Event: 182.622 Executing VM operation: Cleanup
Event: 182.623 Executing VM operation: Cleanup done
Event: 185.652 Executing VM operation: Cleanup
Event: 185.653 Executing VM operation: Cleanup done
Event: 192.730 Executing VM operation: Cleanup
Event: 192.730 Executing VM operation: Cleanup done
Event: 202.822 Executing VM operation: Cleanup
Event: 202.822 Executing VM operation: Cleanup done
Event: 209.894 Executing VM operation: Cleanup
Event: 209.894 Executing VM operation: Cleanup done
Event: 212.917 Executing VM operation: Cleanup
Event: 212.917 Executing VM operation: Cleanup done
Event: 214.935 Executing VM operation: Cleanup
Event: 214.935 Executing VM operation: Cleanup done
Event: 222.986 Executing VM operation: Cleanup
Event: 222.986 Executing VM operation: Cleanup done

Events (20 events):
Event: 57.613 loading class sun/nio/ch/AllocatedNativeObject
Event: 57.613 loading class sun/nio/ch/NativeObject
Event: 57.613 loading class sun/nio/ch/NativeObject done
Event: 57.613 loading class sun/nio/ch/AllocatedNativeObject done
Event: 57.614 loading class sun/nio/ch/IOVecWrapper$Deallocator
Event: 57.614 loading class sun/nio/ch/IOVecWrapper$Deallocator done
Event: 59.055 Thread 0x00000119171af040 Thread exited: 0x00000119171af040
Event: 59.055 Thread 0x0000011912672c70 Thread exited: 0x0000011912672c70
Event: 92.159 loading class java/util/concurrent/ConcurrentSkipListMap$SubMap
Event: 92.164 loading class java/util/concurrent/ConcurrentSkipListMap$SubMap done
Event: 92.164 loading class java/util/concurrent/ConcurrentSkipListMap$Values
Event: 92.164 loading class java/util/concurrent/ConcurrentSkipListMap$Values done
Event: 92.164 loading class java/util/concurrent/ConcurrentSkipListMap$SubMap$SubMapValueIterator
Event: 92.165 loading class java/util/concurrent/ConcurrentSkipListMap$SubMap$SubMapIter
Event: 92.167 loading class java/util/concurrent/ConcurrentSkipListMap$SubMap$SubMapIter done
Event: 92.167 loading class java/util/concurrent/ConcurrentSkipListMap$SubMap$SubMapValueIterator done
Event: 127.297 Thread 0x0000011915814a50 Thread exited: 0x0000011915814a50
Event: 127.297 Thread 0x0000011910424a00 Thread exited: 0x0000011910424a00
Event: 127.297 Thread 0x0000011915813710 Thread exited: 0x0000011915813710
Event: 127.297 Thread 0x0000011910426210 Thread exited: 0x0000011910426210


Dynamic libraries:
0x00007ff7542b0000 - 0x00007ff7542c0000 	C:\Program Files\Java\jdk-17.0.5\bin\java.exe
0x00007ff8111b0000 - 0x00007ff8113c4000 	C:\WINDOWS\SYSTEM32\ntdll.dll
0x00007ff810e40000 - 0x00007ff810f03000 	C:\WINDOWS\System32\KERNEL32.DLL
0x00007ff80e660000 - 0x00007ff80e9fc000 	C:\WINDOWS\System32\KERNELBASE.dll
0x00007ff80eba0000 - 0x00007ff80ecb1000 	C:\WINDOWS\System32\ucrtbase.dll
0x00007ff800d20000 - 0x00007ff800d3a000 	C:\Program Files\Java\jdk-17.0.5\bin\VCRUNTIME140.dll
0x00007fffe1ec0000 - 0x00007fffe1ed8000 	C:\Program Files\Java\jdk-17.0.5\bin\jli.dll
0x00007ff810d70000 - 0x00007ff810e1e000 	C:\WINDOWS\System32\ADVAPI32.dll
0x00007ff810c40000 - 0x00007ff810ce7000 	C:\WINDOWS\System32\msvcrt.dll
0x00007ff810f10000 - 0x00007ff810fb4000 	C:\WINDOWS\System32\sechost.dll
0x00007ff80f010000 - 0x00007ff80f125000 	C:\WINDOWS\System32\RPCRT4.dll
0x00007fffe43c0000 - 0x00007fffe464e000 	C:\WINDOWS\WinSxS\amd64_microsoft.windows.common-controls_6595b64144ccf1df_6.0.22621.608_none_a9444ca7c10bb01d\COMCTL32.dll
0x00007ff80f250000 - 0x00007ff80f279000 	C:\WINDOWS\System32\GDI32.dll
0x00007ff80ef90000 - 0x00007ff80efb6000 	C:\WINDOWS\System32\win32u.dll
0x00007ff80ea80000 - 0x00007ff80eb93000 	C:\WINDOWS\System32\gdi32full.dll
0x00007ff80ecc0000 - 0x00007ff80ed5a000 	C:\WINDOWS\System32\msvcp_win.dll
0x00007ff810fc0000 - 0x00007ff81116d000 	C:\WINDOWS\System32\USER32.dll
0x00007ff807ce0000 - 0x00007ff807cea000 	C:\WINDOWS\SYSTEM32\VERSION.dll
0x00007ff80fea0000 - 0x00007ff80fed1000 	C:\WINDOWS\System32\IMM32.DLL
0x00007fffe8e50000 - 0x00007fffe8e5c000 	C:\Program Files\Java\jdk-17.0.5\bin\vcruntime140_1.dll
0x00007fffb9850000 - 0x00007fffb98dd000 	C:\Program Files\Java\jdk-17.0.5\bin\msvcp140.dll
0x00007fff8e8e0000 - 0x00007fff8f4a2000 	C:\Program Files\Java\jdk-17.0.5\bin\server\jvm.dll
0x00007ff80f1e0000 - 0x00007ff80f1e8000 	C:\WINDOWS\System32\PSAPI.DLL
0x00007ff8089d0000 - 0x00007ff8089d9000 	C:\WINDOWS\SYSTEM32\WSOCK32.dll
0x00007ff80f770000 - 0x00007ff80f7e1000 	C:\WINDOWS\System32\WS2_32.dll
0x00007ff807900000 - 0x00007ff807934000 	C:\WINDOWS\SYSTEM32\WINMM.dll
0x00007ff80d6f0000 - 0x00007ff80d708000 	C:\WINDOWS\SYSTEM32\kernel.appcore.dll
0x00007fffe8da0000 - 0x00007fffe8daa000 	C:\Program Files\Java\jdk-17.0.5\bin\jimage.dll
0x00007ff80bf90000 - 0x00007ff80c1be000 	C:\WINDOWS\SYSTEM32\DBGHELP.DLL
0x00007ff80fee0000 - 0x00007ff810269000 	C:\WINDOWS\System32\combase.dll
0x00007ff810ad0000 - 0x00007ff810ba7000 	C:\WINDOWS\System32\OLEAUT32.dll
0x00007ff8065f0000 - 0x00007ff806622000 	C:\WINDOWS\SYSTEM32\dbgcore.DLL
0x00007ff80ea00000 - 0x00007ff80ea7b000 	C:\WINDOWS\System32\bcryptPrimitives.dll
0x00007ff805890000 - 0x00007ff80589e000 	C:\Program Files\Java\jdk-17.0.5\bin\instrument.dll
0x00007fffc0ff0000 - 0x00007fffc1015000 	C:\Program Files\Java\jdk-17.0.5\bin\java.dll
0x00007fff9e140000 - 0x00007fff9e216000 	C:\Program Files\Java\jdk-17.0.5\bin\jsvml.dll
0x00007ff8102e0000 - 0x00007ff810ad0000 	C:\WINDOWS\System32\SHELL32.dll
0x00007ff80c5c0000 - 0x00007ff80ce8e000 	C:\WINDOWS\SYSTEM32\windows.storage.dll
0x00007ff80c470000 - 0x00007ff80c5ae000 	C:\WINDOWS\SYSTEM32\wintypes.dll
0x00007ff80f910000 - 0x00007ff80fa01000 	C:\WINDOWS\System32\SHCORE.dll
0x00007ff810280000 - 0x00007ff8102de000 	C:\WINDOWS\System32\shlwapi.dll
0x00007ff80e520000 - 0x00007ff80e541000 	C:\WINDOWS\SYSTEM32\profapi.dll
0x00007fffda520000 - 0x00007fffda538000 	C:\Program Files\Java\jdk-17.0.5\bin\zip.dll
0x00007fffdf030000 - 0x00007fffdf049000 	C:\Program Files\Java\jdk-17.0.5\bin\net.dll
0x00007ff8070e0000 - 0x00007ff80720f000 	C:\WINDOWS\SYSTEM32\WINHTTP.dll
0x00007ff80db50000 - 0x00007ff80dbb9000 	C:\WINDOWS\system32\mswsock.dll
0x00007fffdbb60000 - 0x00007fffdbb76000 	C:\Program Files\Java\jdk-17.0.5\bin\nio.dll
0x00007ff805870000 - 0x00007ff80588a000 	C:\Program Files\JetBrains\IntelliJ IDEA Community Edition 2022.3\bin\breakgen64.dll
0x00007fffe90d0000 - 0x00007fffe90e0000 	C:\Program Files\Java\jdk-17.0.5\bin\verify.dll
0x00007ff80d150000 - 0x00007ff80d17d000 	C:\WINDOWS\SYSTEM32\IPHLPAPI.DLL
0x00007ff80fb30000 - 0x00007ff80fb39000 	C:\WINDOWS\System32\NSI.dll
0x00007ff807030000 - 0x00007ff807049000 	C:\WINDOWS\SYSTEM32\dhcpcsvc6.DLL
0x00007ff807010000 - 0x00007ff80702f000 	C:\WINDOWS\SYSTEM32\dhcpcsvc.DLL
0x00007ff80d1c0000 - 0x00007ff80d2b3000 	C:\WINDOWS\SYSTEM32\DNSAPI.dll
0x00007ff805b10000 - 0x00007ff805b1a000 	C:\Windows\System32\rasadhlp.dll
0x00007ff806680000 - 0x00007ff806703000 	C:\WINDOWS\System32\fwpuclnt.dll
0x00007fffe7c10000 - 0x00007fffe7c19000 	C:\Program Files\Java\jdk-17.0.5\bin\management.dll
0x00007fffe7a20000 - 0x00007fffe7a2b000 	C:\Program Files\Java\jdk-17.0.5\bin\management_ext.dll
0x00007fffee0b0000 - 0x00007fffee0c7000 	C:\WINDOWS\system32\napinsp.dll
0x00007fffee090000 - 0x00007fffee0ab000 	C:\WINDOWS\system32\pnrpnsp.dll
0x00007fffee1c0000 - 0x00007fffee1d1000 	C:\WINDOWS\System32\winrnr.dll
0x00007ff806d40000 - 0x00007ff806d55000 	C:\WINDOWS\system32\wshbth.dll
0x00007fffee190000 - 0x00007fffee1b1000 	C:\WINDOWS\system32\nlansp_c.dll
0x00007fffe79b0000 - 0x00007fffe79be000 	C:\Program Files\Java\jdk-17.0.5\bin\sunmscapi.dll
0x00007ff80ed60000 - 0x00007ff80eec6000 	C:\WINDOWS\System32\CRYPT32.dll
0x00007ff80df90000 - 0x00007ff80dfbd000 	C:\WINDOWS\SYSTEM32\ncrypt.dll
0x00007ff80df50000 - 0x00007ff80df87000 	C:\WINDOWS\SYSTEM32\NTASN1.dll
0x00007ff80dd80000 - 0x00007ff80dd9b000 	C:\WINDOWS\SYSTEM32\CRYPTSP.dll
0x00007ff80d660000 - 0x00007ff80d695000 	C:\WINDOWS\system32\rsaenh.dll
0x00007ff80dc20000 - 0x00007ff80dc48000 	C:\WINDOWS\SYSTEM32\USERENV.dll
0x00007ff80dfc0000 - 0x00007ff80dfe8000 	C:\WINDOWS\SYSTEM32\bcrypt.dll
0x00007ff80dda0000 - 0x00007ff80ddac000 	C:\WINDOWS\SYSTEM32\CRYPTBASE.dll
0x00007fffe2bd0000 - 0x00007fffe2bd8000 	C:\WINDOWS\system32\wshunix.dll

dbghelp: loaded successfully - version: 4.0.5 - missing functions: none
symbol engine: initialized successfully - sym options: 0x614 - pdb path: .;C:\Program Files\Java\jdk-17.0.5\bin;C:\WINDOWS\SYSTEM32;C:\WINDOWS\WinSxS\amd64_microsoft.windows.common-controls_6595b64144ccf1df_6.0.22621.608_none_a9444ca7c10bb01d;C:\Program Files\Java\jdk-17.0.5\bin\server;C:\Program Files\JetBrains\IntelliJ IDEA Community Edition 2022.3\bin

VM Arguments:
jvm_args: -javaagent:C:\Program Files\JetBrains\IntelliJ IDEA Community Edition 2022.3\lib\idea_rt.jar=59196:C:\Program Files\JetBrains\IntelliJ IDEA Community Edition 2022.3\bin -Dfile.encoding=UTF-8 
java_command: com.ab.amigo.gateway.GatewayApplication
java_class_path (initial): D:\Documents\Code\InfyCapstone\SimActivationCapstone\SimActivationBackEnd\gateway\target\classes;C:\Users\abfeb\.m2\repository\org\springframework\boot\spring-boot-starter\2.7.9\spring-boot-starter-2.7.9.jar;C:\Users\abfeb\.m2\repository\org\springframework\boot\spring-boot\2.7.9\spring-boot-2.7.9.jar;C:\Users\abfeb\.m2\repository\org\springframework\spring-context\5.3.25\spring-context-5.3.25.jar;C:\Users\abfeb\.m2\repository\org\springframework\spring-beans\5.3.25\spring-beans-5.3.25.jar;C:\Users\abfeb\.m2\repository\org\springframework\spring-expression\5.3.25\spring-expression-5.3.25.jar;C:\Users\abfeb\.m2\repository\org\springframework\boot\spring-boot-autoconfigure\2.7.9\spring-boot-autoconfigure-2.7.9.jar;C:\Users\abfeb\.m2\repository\org\springframework\boot\spring-boot-starter-logging\2.7.9\spring-boot-starter-logging-2.7.9.jar;C:\Users\abfeb\.m2\repository\ch\qos\logback\logback-classic\1.2.11\logback-classic-1.2.11.jar;C:\Users\abfeb\.m2\repository\ch\qos\logback\logback-core\1.2.11\logback-core-1.2.11.jar;C:\Users\abfeb\.m2\repository\org\apache\logging\log4j\log4j-to-slf4j\2.17.2\log4j-to-slf4j-2.17.2.jar;C:\Users\abfeb\.m2\repository\org\apache\logging\log4j\log4j-api\2.17.2\log4j-api-2.17.2.jar;C:\Users\abfeb\.m2\repository\org\slf4j\jul-to-slf4j\1.7.36\jul-to-slf4j-1.7.36.jar;C:\Users\abfeb\.m2\repository\jakarta\annotation\jakarta.annotation-api\1.3.5\jakarta.annotation-api-1.3.5.jar;C:\Users\abfeb\.m2\repository\org\springframework\spring-core\5.3.25\spring-core-5.3.25.jar;C:\Users\abfeb\.m2\repository\org\springframework\spring-jcl\5.3.25\spring-jcl-5.3.25.jar;C:\Users\abfeb\.m2\repository\org\yaml\snakeyaml\1.30\snakeyaml-1.30.jar;C:\Users\abfeb\.m2\repository\org\springframework\cloud\spring-cloud-starter-bootstrap\3.1.6\spring-cloud-starter-bootstrap-3.1.6.jar;C:\Users\abfeb\.m2\repository\org\springframework\cloud\spring-cloud-starter\3.1.6\spring-cloud-starter-3.1.6.jar;C:\Users\abfeb\.m2\repository\org\springfram
Launcher Type: SUN_STANDARD

[Global flags]
     intx CICompilerCount                          = 4                                         {product} {ergonomic}
     uint ConcGCThreads                            = 2                                         {product} {ergonomic}
     uint G1ConcRefinementThreads                  = 8                                         {product} {ergonomic}
   size_t G1HeapRegionSize                         = 2097152                                   {product} {ergonomic}
    uintx GCDrainStackTargetSize                   = 64                                        {product} {ergonomic}
   size_t InitialHeapSize                          = 268435456                                 {product} {ergonomic}
   size_t MarkStackSize                            = 4194304                                   {product} {ergonomic}
   size_t MaxHeapSize                              = 4263510016                                {product} {ergonomic}
   size_t MaxNewSize                               = 2556428288                                {product} {ergonomic}
   size_t MinHeapDeltaBytes                        = 2097152                                   {product} {ergonomic}
   size_t MinHeapSize                              = 8388608                                   {product} {ergonomic}
    uintx NonNMethodCodeHeapSize                   = 5839372                                {pd product} {ergonomic}
    uintx NonProfiledCodeHeapSize                  = 122909434                              {pd product} {ergonomic}
    uintx ProfiledCodeHeapSize                     = 122909434                              {pd product} {ergonomic}
    uintx ReservedCodeCacheSize                    = 251658240                              {pd product} {ergonomic}
     bool SegmentedCodeCache                       = true                                      {product} {ergonomic}
   size_t SoftMaxHeapSize                          = 4263510016                             {manageable} {ergonomic}
     bool UseCompressedClassPointers               = true                           {product lp64_product} {ergonomic}
     bool UseCompressedOops                        = true                           {product lp64_product} {ergonomic}
     bool UseG1GC                                  = true                                      {product} {ergonomic}
     bool UseLargePagesIndividualAllocation        = false                                  {pd product} {ergonomic}

Logging:
Log output configuration:
 #0: stdout all=warning uptime,level,tags
 #1: stderr all=off uptime,level,tags

Environment Variables:
PATH=C:\Program Files\Common Files\Oracle\Java\javapath;C:\Python311\Scripts\;C:\Python311\;C:\Windows\system32;C:\Windows;C:\Windows\System32\Wbem;C:\Windows\System32\WindowsPowerShell\v1.0\;C:\Windows\System32\OpenSSH\;C:\Program Files (x86)\NVIDIA Corporation\PhysX\Common;C:\Program Files\NVIDIA Corporation\NVIDIA NvDLISR;C:\WINDOWS\system32;C:\WINDOWS;C:\WINDOWS\System32\Wbem;C:\WINDOWS\System32\WindowsPowerShell\v1.0\;C:\WINDOWS\System32\OpenSSH\;C:\Program Files\dotnet\;C:\Program Files\nodejs\;C:\ProgramData\chocolatey\bin;C:\Program Files\Docker\Docker\resources\bin;C:\Program Files\Git\cmd;C:\Program Files\MySQL\MySQL Shell 8.0\bin\;C:\Users\abfeb\AppData\Local\Microsoft\WindowsApps;C:\Program Files\JetBrains\IntelliJ IDEA Community Edition 2022.3\bin;;C:\Users\abfeb\AppData\Roaming\npm;C:\Users\abfeb\AppData\Local\Programs\Microsoft VS Code\bin;C:\Users\abfeb\AppData\Local\GitHubDesktop\bin
USERNAME=abfeb
OS=Windows_NT
PROCESSOR_IDENTIFIER=Intel64 Family 6 Model 158 Stepping 10, GenuineIntel



---------------  S Y S T E M  ---------------

OS:
 Windows 11 , 64 bit Build 22621 (10.0.22621.1344)
OS uptime: 12 days 8:47 hours
Hyper-V role detected

CPU: total 8 (initial active 8) (4 cores per cpu, 2 threads per core) family 6 model 158 stepping 10 microcode 0xde, cx8, cmov, fxsr, ht, mmx, 3dnowpref, sse, sse2, sse3, ssse3, sse4.1, sse4.2, popcnt, lzcnt, tsc, tscinvbit, avx, avx2, aes, erms, clmul, bmi1, bmi2, adx, fma, vzeroupper, clflush, clflushopt, hv

Memory: 4k page, system-wide physical 16258M (1558M free)
TotalPageFile size 28784M (AvailPageFile size 4M)
current process WorkingSet (physical memory assigned to process): 348M, peak: 401M
current process commit charge ("private bytes"): 405M, peak: 460M

vm_info: Java HotSpot(TM) 64-Bit Server VM (17.0.5+9-LTS-191) for windows-amd64 JRE (17.0.5+9-LTS-191), built on Sep 13 2022 17:31:43 by "mach5one" with MS VC++ 16.8 / 16.9 (VS2019)

END.
